{
  "device": "cuda:0",
  "train": [
    7,
    16,
    18,
    23,
    24,
    28,
    30,
    34,
    35,
    37,
    38,
    41,
    45,
    48,
    50,
    53,
    69,
    71,
    74,
    78,
    79,
    82,
    93,
    94
  ],
  "val": [
    12,
    21,
    29,
    58,
    76,
    77
  ],
  "old_generalization": [
    6,
    14,
    32,
    39,
    43,
    44,
    51,
    56,
    59,
    62,
    67,
    68,
    72,
    73,
    75,
    88,
    90,
    92,
    100
  ],
  "new_order": [
    64,
    89,
    1,
    27,
    60,
    5,
    52,
    42,
    80,
    26,
    91,
    22,
    61,
    85,
    17,
    36,
    98,
    33,
    55,
    86,
    54,
    84,
    49,
    3,
    2,
    10,
    87,
    15,
    95,
    57,
    70,
    11,
    47,
    65,
    66,
    96,
    83,
    9,
    46,
    31,
    4,
    19,
    99,
    63,
    81,
    25,
    97,
    20,
    13
  ],
  "full_new_order": [
    64,
    89,
    1,
    27,
    60,
    5,
    52,
    42,
    80,
    26,
    91,
    22,
    61,
    85,
    17,
    36,
    98,
    33,
    55,
    86,
    54,
    84,
    49,
    3,
    2,
    10,
    87,
    15,
    95,
    57,
    70,
    11,
    47,
    65,
    66,
    96,
    83,
    9,
    46,
    31,
    4,
    19,
    99,
    63,
    81,
    25,
    97,
    20,
    13
  ]
}
[attack_stealth_loss_drift] New Task 1/49 Subject 64 attack=stealth_loss_drift
[attack_stealth_loss_drift] Individual 1 Subject 64 CPC Epoch 1 Loss 131.794904
[attack_stealth_loss_drift] Individual 1 Subject 64 CPC Epoch 2 Loss 122.396032
[attack_stealth_loss_drift] Individual 1 Subject 64 CPC Epoch 3 Loss 98.203458
[attack_stealth_loss_drift] Individual 1 Subject 64 CPC Epoch 4 Loss 107.145706
[attack_stealth_loss_drift] Individual 1 Subject 64 CPC Epoch 5 Loss 98.999476
[attack_stealth_loss_drift] Individual 1 Subject 64 CPC Epoch 6 Loss 88.924435
[attack_stealth_loss_drift] Individual 1 Subject 64 CPC Epoch 7 Loss 83.913359
[attack_stealth_loss_drift] Individual 1 Subject 64 CPC Epoch 8 Loss 85.834169
[attack_stealth_loss_drift] Individual 1 Subject 64 CPC Epoch 9 Loss 92.141777
[attack_stealth_loss_drift] Individual 1 Subject 64 CPC Epoch 10 Loss 78.101447
[attack_stealth_loss_drift] Individual 1 Subject 64 Joint Epoch 1 Loss 0.814683
[attack_stealth_loss_drift] Individual 1 Subject 64 Joint Epoch 2 Loss 0.914623
[attack_stealth_loss_drift] Individual 1 Subject 64 Joint Epoch 3 Loss 1.058314
[attack_stealth_loss_drift] Individual 1 Subject 64 Joint Epoch 4 Loss 0.928700
[attack_stealth_loss_drift] Individual 1 Subject 64 Joint Epoch 5 Loss 0.978080
[attack_stealth_loss_drift] Individual 1 Subject 64 Joint Epoch 6 Loss 0.851333
[attack_stealth_loss_drift] Individual 1 Subject 64 Joint Epoch 7 Loss 0.895763
[attack_stealth_loss_drift] Individual 1 Subject 64 Joint Epoch 8 Loss 0.899979
[attack_stealth_loss_drift] Individual 1 Subject 64 Joint Epoch 9 Loss 0.781740
[attack_stealth_loss_drift] Individual 1 Subject 64 Joint Epoch 10 Loss 0.907652
[attack_stealth_loss_drift] Subject 64 old ACC=0.7196 MF1=0.7059 buffer=1053 added=23
[attack_stealth_loss_drift] New Task 2/49 Subject 89 attack=stealth_loss_drift
[attack_stealth_loss_drift] Individual 2 Subject 89 CPC Epoch 1 Loss 101.373308
[attack_stealth_loss_drift] Individual 2 Subject 89 CPC Epoch 2 Loss 73.063299
[attack_stealth_loss_drift] Individual 2 Subject 89 CPC Epoch 3 Loss 77.333923
[attack_stealth_loss_drift] Individual 2 Subject 89 CPC Epoch 4 Loss 67.452932
[attack_stealth_loss_drift] Individual 2 Subject 89 CPC Epoch 5 Loss 56.059275
[attack_stealth_loss_drift] Individual 2 Subject 89 CPC Epoch 6 Loss 56.262746
[attack_stealth_loss_drift] Individual 2 Subject 89 CPC Epoch 7 Loss 47.881400
[attack_stealth_loss_drift] Individual 2 Subject 89 CPC Epoch 8 Loss 53.579653
[attack_stealth_loss_drift] Individual 2 Subject 89 CPC Epoch 9 Loss 46.755665
[attack_stealth_loss_drift] Individual 2 Subject 89 CPC Epoch 10 Loss 45.589966
[attack_stealth_loss_drift] Individual 2 Subject 89 Joint Epoch 1 Loss 1.626583
[attack_stealth_loss_drift] Individual 2 Subject 89 Joint Epoch 2 Loss 1.820021
[attack_stealth_loss_drift] Individual 2 Subject 89 Joint Epoch 3 Loss 1.714468
[attack_stealth_loss_drift] Individual 2 Subject 89 Joint Epoch 4 Loss 1.764717
[attack_stealth_loss_drift] Individual 2 Subject 89 Joint Epoch 5 Loss 1.294838
[attack_stealth_loss_drift] Individual 2 Subject 89 Joint Epoch 6 Loss 1.179735
[attack_stealth_loss_drift] Individual 2 Subject 89 Joint Epoch 7 Loss 1.616530
[attack_stealth_loss_drift] Individual 2 Subject 89 Joint Epoch 8 Loss 1.567753
[attack_stealth_loss_drift] Individual 2 Subject 89 Joint Epoch 9 Loss 1.493778
[attack_stealth_loss_drift] Individual 2 Subject 89 Joint Epoch 10 Loss 2.728126
[attack_stealth_loss_drift] Subject 89 old ACC=0.6918 MF1=0.6791 buffer=1083 added=30
[attack_stealth_loss_drift] New Task 3/49 Subject 1 attack=stealth_loss_drift
[attack_stealth_loss_drift] Individual 3 Subject 1 CPC Epoch 1 Loss 107.600138
[attack_stealth_loss_drift] Individual 3 Subject 1 CPC Epoch 2 Loss 78.564028
[attack_stealth_loss_drift] Individual 3 Subject 1 CPC Epoch 3 Loss 65.731426
[attack_stealth_loss_drift] Individual 3 Subject 1 CPC Epoch 4 Loss 67.614122
[attack_stealth_loss_drift] Individual 3 Subject 1 CPC Epoch 5 Loss 68.479249
[attack_stealth_loss_drift] Individual 3 Subject 1 CPC Epoch 6 Loss 71.304780
[attack_stealth_loss_drift] Individual 3 Subject 1 CPC Epoch 7 Loss 78.018682
[attack_stealth_loss_drift] Individual 3 Subject 1 CPC Epoch 8 Loss 67.642286
[attack_stealth_loss_drift] Individual 3 Subject 1 CPC Epoch 9 Loss 81.185448
[attack_stealth_loss_drift] Individual 3 Subject 1 CPC Epoch 10 Loss 65.824618
[attack_stealth_loss_drift] Individual 3 Subject 1 Joint Epoch 1 Loss 1.082435
[attack_stealth_loss_drift] Individual 3 Subject 1 Joint Epoch 2 Loss 1.015542
[attack_stealth_loss_drift] Individual 3 Subject 1 Joint Epoch 3 Loss 1.121842
[attack_stealth_loss_drift] Individual 3 Subject 1 Joint Epoch 4 Loss 1.006753
[attack_stealth_loss_drift] Individual 3 Subject 1 Joint Epoch 5 Loss 1.045940
[attack_stealth_loss_drift] Individual 3 Subject 1 Joint Epoch 6 Loss 0.942720
[attack_stealth_loss_drift] Individual 3 Subject 1 Joint Epoch 7 Loss 1.032601
[attack_stealth_loss_drift] Individual 3 Subject 1 Joint Epoch 8 Loss 1.063718
[attack_stealth_loss_drift] Individual 3 Subject 1 Joint Epoch 9 Loss 1.085006
[attack_stealth_loss_drift] Individual 3 Subject 1 Joint Epoch 10 Loss 1.075288
[attack_stealth_loss_drift] Subject 1 old ACC=0.6963 MF1=0.6708 buffer=1112 added=29
[attack_stealth_loss_drift] New Task 4/49 Subject 27 attack=stealth_loss_drift
[attack_stealth_loss_drift] Individual 4 Subject 27 CPC Epoch 1 Loss 120.882937
[attack_stealth_loss_drift] Individual 4 Subject 27 CPC Epoch 2 Loss 76.016968
[attack_stealth_loss_drift] Individual 4 Subject 27 CPC Epoch 3 Loss 77.781064
[attack_stealth_loss_drift] Individual 4 Subject 27 CPC Epoch 4 Loss 80.364342
[attack_stealth_loss_drift] Individual 4 Subject 27 CPC Epoch 5 Loss 81.030837
[attack_stealth_loss_drift] Individual 4 Subject 27 CPC Epoch 6 Loss 77.793177
[attack_stealth_loss_drift] Individual 4 Subject 27 CPC Epoch 7 Loss 48.678630
[attack_stealth_loss_drift] Individual 4 Subject 27 CPC Epoch 8 Loss 56.701136
[attack_stealth_loss_drift] Individual 4 Subject 27 CPC Epoch 9 Loss 63.411020
[attack_stealth_loss_drift] Individual 4 Subject 27 CPC Epoch 10 Loss 56.352376
[attack_stealth_loss_drift] Individual 4 Subject 27 Joint Epoch 1 Loss 0.736732
[attack_stealth_loss_drift] Individual 4 Subject 27 Joint Epoch 2 Loss 0.727743
[attack_stealth_loss_drift] Individual 4 Subject 27 Joint Epoch 3 Loss 0.798221
[attack_stealth_loss_drift] Individual 4 Subject 27 Joint Epoch 4 Loss 0.811964
[attack_stealth_loss_drift] Individual 4 Subject 27 Joint Epoch 5 Loss 0.752283
[attack_stealth_loss_drift] Individual 4 Subject 27 Joint Epoch 6 Loss 0.738551
[attack_stealth_loss_drift] Individual 4 Subject 27 Joint Epoch 7 Loss 0.740141
[attack_stealth_loss_drift] Individual 4 Subject 27 Joint Epoch 8 Loss 0.767979
[attack_stealth_loss_drift] Individual 4 Subject 27 Joint Epoch 9 Loss 0.697151
[attack_stealth_loss_drift] Individual 4 Subject 27 Joint Epoch 10 Loss 0.704686
[attack_stealth_loss_drift] Subject 27 old ACC=0.7207 MF1=0.7102 buffer=1151 added=39
[attack_stealth_loss_drift] New Task 5/49 Subject 60 attack=stealth_loss_drift
[attack_stealth_loss_drift] Individual 5 Subject 60 CPC Epoch 1 Loss 109.414312
[attack_stealth_loss_drift] Individual 5 Subject 60 CPC Epoch 2 Loss 99.293012
[attack_stealth_loss_drift] Individual 5 Subject 60 CPC Epoch 3 Loss 75.244200
[attack_stealth_loss_drift] Individual 5 Subject 60 CPC Epoch 4 Loss 78.171588
[attack_stealth_loss_drift] Individual 5 Subject 60 CPC Epoch 5 Loss 68.548457
[attack_stealth_loss_drift] Individual 5 Subject 60 CPC Epoch 6 Loss 65.000600
[attack_stealth_loss_drift] Individual 5 Subject 60 CPC Epoch 7 Loss 54.957551
[attack_stealth_loss_drift] Individual 5 Subject 60 CPC Epoch 8 Loss 68.286416
[attack_stealth_loss_drift] Individual 5 Subject 60 CPC Epoch 9 Loss 59.631933
[attack_stealth_loss_drift] Individual 5 Subject 60 CPC Epoch 10 Loss 49.715052
[attack_stealth_loss_drift] Individual 5 Subject 60 Joint Epoch 1 Loss 1.499517
[attack_stealth_loss_drift] Individual 5 Subject 60 Joint Epoch 2 Loss 1.411646
[attack_stealth_loss_drift] Individual 5 Subject 60 Joint Epoch 3 Loss 1.512158
[attack_stealth_loss_drift] Individual 5 Subject 60 Joint Epoch 4 Loss 1.677690
[attack_stealth_loss_drift] Individual 5 Subject 60 Joint Epoch 5 Loss 1.708863
[attack_stealth_loss_drift] Individual 5 Subject 60 Joint Epoch 6 Loss 1.530981
[attack_stealth_loss_drift] Individual 5 Subject 60 Joint Epoch 7 Loss 1.653010
[attack_stealth_loss_drift] Individual 5 Subject 60 Joint Epoch 8 Loss 1.686776
[attack_stealth_loss_drift] Individual 5 Subject 60 Joint Epoch 9 Loss 1.481791
[attack_stealth_loss_drift] Individual 5 Subject 60 Joint Epoch 10 Loss 1.602629
[attack_stealth_loss_drift] Subject 60 old ACC=0.7297 MF1=0.7165 buffer=1179 added=28
[attack_stealth_loss_drift] New Task 6/49 Subject 5 attack=stealth_loss_drift
[attack_stealth_loss_drift] Individual 6 Subject 5 CPC Epoch 1 Loss 67.666679
[attack_stealth_loss_drift] Individual 6 Subject 5 CPC Epoch 2 Loss 93.813967
[attack_stealth_loss_drift] Individual 6 Subject 5 CPC Epoch 3 Loss 84.777613
[attack_stealth_loss_drift] Individual 6 Subject 5 CPC Epoch 4 Loss 91.451889
[attack_stealth_loss_drift] Individual 6 Subject 5 CPC Epoch 5 Loss 82.043271
[attack_stealth_loss_drift] Individual 6 Subject 5 CPC Epoch 6 Loss 92.575476
[attack_stealth_loss_drift] Individual 6 Subject 5 CPC Epoch 7 Loss 90.766413
[attack_stealth_loss_drift] Individual 6 Subject 5 CPC Epoch 8 Loss 78.305921
[attack_stealth_loss_drift] Individual 6 Subject 5 CPC Epoch 9 Loss 72.183163
[attack_stealth_loss_drift] Individual 6 Subject 5 CPC Epoch 10 Loss 65.143978
[attack_stealth_loss_drift] Individual 6 Subject 5 Joint Epoch 1 Loss 1.455570
[attack_stealth_loss_drift] Individual 6 Subject 5 Joint Epoch 2 Loss 1.479486
[attack_stealth_loss_drift] Individual 6 Subject 5 Joint Epoch 3 Loss 1.284857
[attack_stealth_loss_drift] Individual 6 Subject 5 Joint Epoch 4 Loss 1.633076
[attack_stealth_loss_drift] Individual 6 Subject 5 Joint Epoch 5 Loss 1.565893
[attack_stealth_loss_drift] Individual 6 Subject 5 Joint Epoch 6 Loss 1.335098
[attack_stealth_loss_drift] Individual 6 Subject 5 Joint Epoch 7 Loss 1.426515
[attack_stealth_loss_drift] Individual 6 Subject 5 Joint Epoch 8 Loss 1.335320
[attack_stealth_loss_drift] Individual 6 Subject 5 Joint Epoch 9 Loss 1.277039
[attack_stealth_loss_drift] Individual 6 Subject 5 Joint Epoch 10 Loss 1.461712
[attack_stealth_loss_drift] Subject 5 old ACC=0.6770 MF1=0.6479 buffer=1195 added=16
[attack_stealth_loss_drift] New Task 7/49 Subject 52 attack=stealth_loss_drift
[attack_stealth_loss_drift] Individual 7 Subject 52 CPC Epoch 1 Loss 99.352371
[attack_stealth_loss_drift] Individual 7 Subject 52 CPC Epoch 2 Loss 79.449961
[attack_stealth_loss_drift] Individual 7 Subject 52 CPC Epoch 3 Loss 81.006566
[attack_stealth_loss_drift] Individual 7 Subject 52 CPC Epoch 4 Loss 61.518579
[attack_stealth_loss_drift] Individual 7 Subject 52 CPC Epoch 5 Loss 64.093817
[attack_stealth_loss_drift] Individual 7 Subject 52 CPC Epoch 6 Loss 53.474369
[attack_stealth_loss_drift] Individual 7 Subject 52 CPC Epoch 7 Loss 61.818691
[attack_stealth_loss_drift] Individual 7 Subject 52 CPC Epoch 8 Loss 37.978569
[attack_stealth_loss_drift] Individual 7 Subject 52 CPC Epoch 9 Loss 59.121960
[attack_stealth_loss_drift] Individual 7 Subject 52 CPC Epoch 10 Loss 44.896843
[attack_stealth_loss_drift] Individual 7 Subject 52 Joint Epoch 1 Loss 1.236861
[attack_stealth_loss_drift] Individual 7 Subject 52 Joint Epoch 2 Loss 1.241043
[attack_stealth_loss_drift] Individual 7 Subject 52 Joint Epoch 3 Loss 1.351891
[attack_stealth_loss_drift] Individual 7 Subject 52 Joint Epoch 4 Loss 1.323867
[attack_stealth_loss_drift] Individual 7 Subject 52 Joint Epoch 5 Loss 1.285435
[attack_stealth_loss_drift] Individual 7 Subject 52 Joint Epoch 6 Loss 1.380848
[attack_stealth_loss_drift] Individual 7 Subject 52 Joint Epoch 7 Loss 1.166567
[attack_stealth_loss_drift] Individual 7 Subject 52 Joint Epoch 8 Loss 1.177979
[attack_stealth_loss_drift] Individual 7 Subject 52 Joint Epoch 9 Loss 1.080935
[attack_stealth_loss_drift] Individual 7 Subject 52 Joint Epoch 10 Loss 1.161383
[attack_stealth_loss_drift] Subject 52 old ACC=0.7019 MF1=0.6853 buffer=1220 added=25
[attack_stealth_loss_drift] New Task 8/49 Subject 42 attack=stealth_loss_drift
[attack_stealth_loss_drift] Individual 8 Subject 42 CPC Epoch 1 Loss 111.467227
[attack_stealth_loss_drift] Individual 8 Subject 42 CPC Epoch 2 Loss 97.502068
[attack_stealth_loss_drift] Individual 8 Subject 42 CPC Epoch 3 Loss 110.195012
[attack_stealth_loss_drift] Individual 8 Subject 42 CPC Epoch 4 Loss 80.404287
[attack_stealth_loss_drift] Individual 8 Subject 42 CPC Epoch 5 Loss 97.430832
[attack_stealth_loss_drift] Individual 8 Subject 42 CPC Epoch 6 Loss 100.375891
[attack_stealth_loss_drift] Individual 8 Subject 42 CPC Epoch 7 Loss 89.266055
[attack_stealth_loss_drift] Individual 8 Subject 42 CPC Epoch 8 Loss 87.486019
[attack_stealth_loss_drift] Individual 8 Subject 42 CPC Epoch 9 Loss 71.589218
[attack_stealth_loss_drift] Individual 8 Subject 42 CPC Epoch 10 Loss 77.448215
[attack_stealth_loss_drift] Individual 8 Subject 42 Joint Epoch 1 Loss 1.477428
[attack_stealth_loss_drift] Individual 8 Subject 42 Joint Epoch 2 Loss 1.082228
[attack_stealth_loss_drift] Individual 8 Subject 42 Joint Epoch 3 Loss 1.479991
[attack_stealth_loss_drift] Individual 8 Subject 42 Joint Epoch 4 Loss 1.414472
[attack_stealth_loss_drift] Individual 8 Subject 42 Joint Epoch 5 Loss 1.224669
[attack_stealth_loss_drift] Individual 8 Subject 42 Joint Epoch 6 Loss 1.176162
[attack_stealth_loss_drift] Individual 8 Subject 42 Joint Epoch 7 Loss 1.299162
[attack_stealth_loss_drift] Individual 8 Subject 42 Joint Epoch 8 Loss 1.086889
[attack_stealth_loss_drift] Individual 8 Subject 42 Joint Epoch 9 Loss 1.246507
[attack_stealth_loss_drift] Individual 8 Subject 42 Joint Epoch 10 Loss 1.147026
[attack_stealth_loss_drift] Subject 42 old ACC=0.6978 MF1=0.6778 buffer=1241 added=21
[attack_stealth_loss_drift] New Task 9/49 Subject 80 attack=stealth_loss_drift
[attack_stealth_loss_drift] Individual 9 Subject 80 CPC Epoch 1 Loss 114.044075
[attack_stealth_loss_drift] Individual 9 Subject 80 CPC Epoch 2 Loss 83.947449
[attack_stealth_loss_drift] Individual 9 Subject 80 CPC Epoch 3 Loss 113.490247
[attack_stealth_loss_drift] Individual 9 Subject 80 CPC Epoch 4 Loss 95.067663
[attack_stealth_loss_drift] Individual 9 Subject 80 CPC Epoch 5 Loss 85.700124
[attack_stealth_loss_drift] Individual 9 Subject 80 CPC Epoch 6 Loss 79.007746
[attack_stealth_loss_drift] Individual 9 Subject 80 CPC Epoch 7 Loss 69.053258
[attack_stealth_loss_drift] Individual 9 Subject 80 CPC Epoch 8 Loss 74.598296
[attack_stealth_loss_drift] Individual 9 Subject 80 CPC Epoch 9 Loss 65.862857
[attack_stealth_loss_drift] Individual 9 Subject 80 CPC Epoch 10 Loss 58.422217
[attack_stealth_loss_drift] Individual 9 Subject 80 Joint Epoch 1 Loss 1.367795
[attack_stealth_loss_drift] Individual 9 Subject 80 Joint Epoch 2 Loss 1.122906
[attack_stealth_loss_drift] Individual 9 Subject 80 Joint Epoch 3 Loss 1.328815
[attack_stealth_loss_drift] Individual 9 Subject 80 Joint Epoch 4 Loss 1.071018
[attack_stealth_loss_drift] Individual 9 Subject 80 Joint Epoch 5 Loss 1.104086
[attack_stealth_loss_drift] Individual 9 Subject 80 Joint Epoch 6 Loss 1.414420
[attack_stealth_loss_drift] Individual 9 Subject 80 Joint Epoch 7 Loss 1.221660
[attack_stealth_loss_drift] Individual 9 Subject 80 Joint Epoch 8 Loss 1.325899
[attack_stealth_loss_drift] Individual 9 Subject 80 Joint Epoch 9 Loss 1.167516
[attack_stealth_loss_drift] Individual 9 Subject 80 Joint Epoch 10 Loss 1.228993
[attack_stealth_loss_drift] Subject 80 old ACC=0.6998 MF1=0.6570 buffer=1269 added=28
[attack_stealth_loss_drift] New Task 10/49 Subject 26 attack=stealth_loss_drift
[attack_stealth_loss_drift] Individual 10 Subject 26 CPC Epoch 1 Loss 68.618540
[attack_stealth_loss_drift] Individual 10 Subject 26 CPC Epoch 2 Loss 73.306072
[attack_stealth_loss_drift] Individual 10 Subject 26 CPC Epoch 3 Loss 67.879599
[attack_stealth_loss_drift] Individual 10 Subject 26 CPC Epoch 4 Loss 66.023627
[attack_stealth_loss_drift] Individual 10 Subject 26 CPC Epoch 5 Loss 66.357059
[attack_stealth_loss_drift] Individual 10 Subject 26 CPC Epoch 6 Loss 77.058598
[attack_stealth_loss_drift] Individual 10 Subject 26 CPC Epoch 7 Loss 68.594658
[attack_stealth_loss_drift] Individual 10 Subject 26 CPC Epoch 8 Loss 71.144001
[attack_stealth_loss_drift] Individual 10 Subject 26 CPC Epoch 9 Loss 73.149605
[attack_stealth_loss_drift] Individual 10 Subject 26 CPC Epoch 10 Loss 68.103736
[attack_stealth_loss_drift] Individual 10 Subject 26 Joint Epoch 1 Loss 1.094499
[attack_stealth_loss_drift] Individual 10 Subject 26 Joint Epoch 2 Loss 1.303386
[attack_stealth_loss_drift] Individual 10 Subject 26 Joint Epoch 3 Loss 1.405408
[attack_stealth_loss_drift] Individual 10 Subject 26 Joint Epoch 4 Loss 1.210534
[attack_stealth_loss_drift] Individual 10 Subject 26 Joint Epoch 5 Loss 1.124501
[attack_stealth_loss_drift] Individual 10 Subject 26 Joint Epoch 6 Loss 1.288939
[attack_stealth_loss_drift] Individual 10 Subject 26 Joint Epoch 7 Loss 1.370928
[attack_stealth_loss_drift] Individual 10 Subject 26 Joint Epoch 8 Loss 1.182648
[attack_stealth_loss_drift] Individual 10 Subject 26 Joint Epoch 9 Loss 1.753321
[attack_stealth_loss_drift] Individual 10 Subject 26 Joint Epoch 10 Loss 0.996321
[attack_stealth_loss_drift] Subject 26 old ACC=0.6490 MF1=0.6030 buffer=1269 added=0
[attack_stealth_loss_drift] New Task 11/49 Subject 91 attack=stealth_loss_drift
[attack_stealth_loss_drift] Individual 11 Subject 91 CPC Epoch 1 Loss 102.992907
[attack_stealth_loss_drift] Individual 11 Subject 91 CPC Epoch 2 Loss 77.467209
[attack_stealth_loss_drift] Individual 11 Subject 91 CPC Epoch 3 Loss 69.523509
[attack_stealth_loss_drift] Individual 11 Subject 91 CPC Epoch 4 Loss 58.168622
[attack_stealth_loss_drift] Individual 11 Subject 91 CPC Epoch 5 Loss 54.523755
[attack_stealth_loss_drift] Individual 11 Subject 91 CPC Epoch 6 Loss 56.003949
[attack_stealth_loss_drift] Individual 11 Subject 91 CPC Epoch 7 Loss 55.558169
[attack_stealth_loss_drift] Individual 11 Subject 91 CPC Epoch 8 Loss 40.681204
[attack_stealth_loss_drift] Individual 11 Subject 91 CPC Epoch 9 Loss 41.501348
[attack_stealth_loss_drift] Individual 11 Subject 91 CPC Epoch 10 Loss 38.073027
[attack_stealth_loss_drift] Individual 11 Subject 91 Joint Epoch 1 Loss 1.351963
[attack_stealth_loss_drift] Individual 11 Subject 91 Joint Epoch 2 Loss 1.379998
[attack_stealth_loss_drift] Individual 11 Subject 91 Joint Epoch 3 Loss 1.320563
[attack_stealth_loss_drift] Individual 11 Subject 91 Joint Epoch 4 Loss 1.373546
[attack_stealth_loss_drift] Individual 11 Subject 91 Joint Epoch 5 Loss 1.368580
[attack_stealth_loss_drift] Individual 11 Subject 91 Joint Epoch 6 Loss 1.432481
[attack_stealth_loss_drift] Individual 11 Subject 91 Joint Epoch 7 Loss 1.391326
[attack_stealth_loss_drift] Individual 11 Subject 91 Joint Epoch 8 Loss 1.317655
[attack_stealth_loss_drift] Individual 11 Subject 91 Joint Epoch 9 Loss 1.352317
[attack_stealth_loss_drift] Individual 11 Subject 91 Joint Epoch 10 Loss 1.282584
[attack_stealth_loss_drift] Subject 91 old ACC=0.7145 MF1=0.6923 buffer=1305 added=36
[attack_stealth_loss_drift] New Task 12/49 Subject 22 attack=stealth_loss_drift
[attack_stealth_loss_drift] Individual 12 Subject 22 CPC Epoch 1 Loss 72.048361
[attack_stealth_loss_drift] Individual 12 Subject 22 CPC Epoch 2 Loss 83.583903
[attack_stealth_loss_drift] Individual 12 Subject 22 CPC Epoch 3 Loss 71.656579
[attack_stealth_loss_drift] Individual 12 Subject 22 CPC Epoch 4 Loss 49.376745
[attack_stealth_loss_drift] Individual 12 Subject 22 CPC Epoch 5 Loss 74.650182
[attack_stealth_loss_drift] Individual 12 Subject 22 CPC Epoch 6 Loss 55.463835
[attack_stealth_loss_drift] Individual 12 Subject 22 CPC Epoch 7 Loss 65.071810
[attack_stealth_loss_drift] Individual 12 Subject 22 CPC Epoch 8 Loss 55.947629
[attack_stealth_loss_drift] Individual 12 Subject 22 CPC Epoch 9 Loss 54.288209
[attack_stealth_loss_drift] Individual 12 Subject 22 CPC Epoch 10 Loss 69.555066
[attack_stealth_loss_drift] Individual 12 Subject 22 Joint Epoch 1 Loss 1.446126
[attack_stealth_loss_drift] Individual 12 Subject 22 Joint Epoch 2 Loss 1.441186
[attack_stealth_loss_drift] Individual 12 Subject 22 Joint Epoch 3 Loss 1.334978
[attack_stealth_loss_drift] Individual 12 Subject 22 Joint Epoch 4 Loss 1.552401
[attack_stealth_loss_drift] Individual 12 Subject 22 Joint Epoch 5 Loss 1.417363
[attack_stealth_loss_drift] Individual 12 Subject 22 Joint Epoch 6 Loss 1.383449
[attack_stealth_loss_drift] Individual 12 Subject 22 Joint Epoch 7 Loss 1.389682
[attack_stealth_loss_drift] Individual 12 Subject 22 Joint Epoch 8 Loss 1.348268
[attack_stealth_loss_drift] Individual 12 Subject 22 Joint Epoch 9 Loss 1.463322
[attack_stealth_loss_drift] Individual 12 Subject 22 Joint Epoch 10 Loss 1.440421
[attack_stealth_loss_drift] Subject 22 old ACC=0.6883 MF1=0.6609 buffer=1330 added=25
[attack_stealth_loss_drift] New Task 13/49 Subject 61 attack=stealth_loss_drift
[attack_stealth_loss_drift] Individual 13 Subject 61 CPC Epoch 1 Loss 93.768135
[attack_stealth_loss_drift] Individual 13 Subject 61 CPC Epoch 2 Loss 68.592091
[attack_stealth_loss_drift] Individual 13 Subject 61 CPC Epoch 3 Loss 83.122327
[attack_stealth_loss_drift] Individual 13 Subject 61 CPC Epoch 4 Loss 69.784519
[attack_stealth_loss_drift] Individual 13 Subject 61 CPC Epoch 5 Loss 67.616131
[attack_stealth_loss_drift] Individual 13 Subject 61 CPC Epoch 6 Loss 61.864634
[attack_stealth_loss_drift] Individual 13 Subject 61 CPC Epoch 7 Loss 62.886969
[attack_stealth_loss_drift] Individual 13 Subject 61 CPC Epoch 8 Loss 60.417941
[attack_stealth_loss_drift] Individual 13 Subject 61 CPC Epoch 9 Loss 59.962779
[attack_stealth_loss_drift] Individual 13 Subject 61 CPC Epoch 10 Loss 56.876411
[attack_stealth_loss_drift] Individual 13 Subject 61 Joint Epoch 1 Loss 1.090462
[attack_stealth_loss_drift] Individual 13 Subject 61 Joint Epoch 2 Loss 1.154632
[attack_stealth_loss_drift] Individual 13 Subject 61 Joint Epoch 3 Loss 1.136750
[attack_stealth_loss_drift] Individual 13 Subject 61 Joint Epoch 4 Loss 1.167371
[attack_stealth_loss_drift] Individual 13 Subject 61 Joint Epoch 5 Loss 1.302735
[attack_stealth_loss_drift] Individual 13 Subject 61 Joint Epoch 6 Loss 1.306439
[attack_stealth_loss_drift] Individual 13 Subject 61 Joint Epoch 7 Loss 1.145647
[attack_stealth_loss_drift] Individual 13 Subject 61 Joint Epoch 8 Loss 1.162053
[attack_stealth_loss_drift] Individual 13 Subject 61 Joint Epoch 9 Loss 1.116552
[attack_stealth_loss_drift] Individual 13 Subject 61 Joint Epoch 10 Loss 1.203977
[attack_stealth_loss_drift] Subject 61 old ACC=0.6844 MF1=0.6647 buffer=1354 added=24
[attack_stealth_loss_drift] New Task 14/49 Subject 85 attack=stealth_loss_drift
[attack_stealth_loss_drift] Individual 14 Subject 85 CPC Epoch 1 Loss 114.478681
[attack_stealth_loss_drift] Individual 14 Subject 85 CPC Epoch 2 Loss 78.215504
[attack_stealth_loss_drift] Individual 14 Subject 85 CPC Epoch 3 Loss 88.790174
[attack_stealth_loss_drift] Individual 14 Subject 85 CPC Epoch 4 Loss 68.959157
[attack_stealth_loss_drift] Individual 14 Subject 85 CPC Epoch 5 Loss 66.677736
[attack_stealth_loss_drift] Individual 14 Subject 85 CPC Epoch 6 Loss 80.709579
[attack_stealth_loss_drift] Individual 14 Subject 85 CPC Epoch 7 Loss 61.067979
[attack_stealth_loss_drift] Individual 14 Subject 85 CPC Epoch 8 Loss 65.762964
[attack_stealth_loss_drift] Individual 14 Subject 85 CPC Epoch 9 Loss 50.123454
[attack_stealth_loss_drift] Individual 14 Subject 85 CPC Epoch 10 Loss 68.003791
[attack_stealth_loss_drift] Individual 14 Subject 85 Joint Epoch 1 Loss 0.800763
[attack_stealth_loss_drift] Individual 14 Subject 85 Joint Epoch 2 Loss 0.750701
[attack_stealth_loss_drift] Individual 14 Subject 85 Joint Epoch 3 Loss 0.636872
[attack_stealth_loss_drift] Individual 14 Subject 85 Joint Epoch 4 Loss 0.732869
[attack_stealth_loss_drift] Individual 14 Subject 85 Joint Epoch 5 Loss 0.714083
[attack_stealth_loss_drift] Individual 14 Subject 85 Joint Epoch 6 Loss 0.774485
[attack_stealth_loss_drift] Individual 14 Subject 85 Joint Epoch 7 Loss 0.662064
[attack_stealth_loss_drift] Individual 14 Subject 85 Joint Epoch 8 Loss 0.763175
[attack_stealth_loss_drift] Individual 14 Subject 85 Joint Epoch 9 Loss 0.690018
[attack_stealth_loss_drift] Individual 14 Subject 85 Joint Epoch 10 Loss 0.614530
[attack_stealth_loss_drift] Subject 85 old ACC=0.7054 MF1=0.6875 buffer=1388 added=34
[attack_stealth_loss_drift] New Task 15/49 Subject 17 attack=stealth_loss_drift
[attack_stealth_loss_drift] Individual 15 Subject 17 CPC Epoch 1 Loss 77.667638
[attack_stealth_loss_drift] Individual 15 Subject 17 CPC Epoch 2 Loss 102.457896
[attack_stealth_loss_drift] Individual 15 Subject 17 CPC Epoch 3 Loss 68.069324
[attack_stealth_loss_drift] Individual 15 Subject 17 CPC Epoch 4 Loss 52.243724
[attack_stealth_loss_drift] Individual 15 Subject 17 CPC Epoch 5 Loss 59.958806
[attack_stealth_loss_drift] Individual 15 Subject 17 CPC Epoch 6 Loss 56.061272
[attack_stealth_loss_drift] Individual 15 Subject 17 CPC Epoch 7 Loss 57.384120
[attack_stealth_loss_drift] Individual 15 Subject 17 CPC Epoch 8 Loss 54.233424
[attack_stealth_loss_drift] Individual 15 Subject 17 CPC Epoch 9 Loss 45.756161
[attack_stealth_loss_drift] Individual 15 Subject 17 CPC Epoch 10 Loss 38.383876
[attack_stealth_loss_drift] Individual 15 Subject 17 Joint Epoch 1 Loss 1.030166
[attack_stealth_loss_drift] Individual 15 Subject 17 Joint Epoch 2 Loss 1.125100
[attack_stealth_loss_drift] Individual 15 Subject 17 Joint Epoch 3 Loss 0.913689
[attack_stealth_loss_drift] Individual 15 Subject 17 Joint Epoch 4 Loss 1.117287
[attack_stealth_loss_drift] Individual 15 Subject 17 Joint Epoch 5 Loss 1.001892
[attack_stealth_loss_drift] Individual 15 Subject 17 Joint Epoch 6 Loss 0.893070
[attack_stealth_loss_drift] Individual 15 Subject 17 Joint Epoch 7 Loss 0.991175
[attack_stealth_loss_drift] Individual 15 Subject 17 Joint Epoch 8 Loss 0.961319
[attack_stealth_loss_drift] Individual 15 Subject 17 Joint Epoch 9 Loss 1.060624
[attack_stealth_loss_drift] Individual 15 Subject 17 Joint Epoch 10 Loss 1.114765
[attack_stealth_loss_drift] Subject 17 old ACC=0.6880 MF1=0.6654 buffer=1408 added=20
[attack_stealth_loss_drift] New Task 16/49 Subject 36 attack=stealth_loss_drift
[attack_stealth_loss_drift] Individual 16 Subject 36 CPC Epoch 1 Loss 121.954267
[attack_stealth_loss_drift] Individual 16 Subject 36 CPC Epoch 2 Loss 94.305127
[attack_stealth_loss_drift] Individual 16 Subject 36 CPC Epoch 3 Loss 91.009405
[attack_stealth_loss_drift] Individual 16 Subject 36 CPC Epoch 4 Loss 79.957682
[attack_stealth_loss_drift] Individual 16 Subject 36 CPC Epoch 5 Loss 63.054019
[attack_stealth_loss_drift] Individual 16 Subject 36 CPC Epoch 6 Loss 73.789040
[attack_stealth_loss_drift] Individual 16 Subject 36 CPC Epoch 7 Loss 60.827813
[attack_stealth_loss_drift] Individual 16 Subject 36 CPC Epoch 8 Loss 57.556016
[attack_stealth_loss_drift] Individual 16 Subject 36 CPC Epoch 9 Loss 63.852929
[attack_stealth_loss_drift] Individual 16 Subject 36 CPC Epoch 10 Loss 59.694452
[attack_stealth_loss_drift] Individual 16 Subject 36 Joint Epoch 1 Loss 0.996844
[attack_stealth_loss_drift] Individual 16 Subject 36 Joint Epoch 2 Loss 1.006391
[attack_stealth_loss_drift] Individual 16 Subject 36 Joint Epoch 3 Loss 0.932294
[attack_stealth_loss_drift] Individual 16 Subject 36 Joint Epoch 4 Loss 0.933842
[attack_stealth_loss_drift] Individual 16 Subject 36 Joint Epoch 5 Loss 1.005267
[attack_stealth_loss_drift] Individual 16 Subject 36 Joint Epoch 6 Loss 1.043608
[attack_stealth_loss_drift] Individual 16 Subject 36 Joint Epoch 7 Loss 0.948636
[attack_stealth_loss_drift] Individual 16 Subject 36 Joint Epoch 8 Loss 0.981245
[attack_stealth_loss_drift] Individual 16 Subject 36 Joint Epoch 9 Loss 0.884110
[attack_stealth_loss_drift] Individual 16 Subject 36 Joint Epoch 10 Loss 0.947064
[attack_stealth_loss_drift] Subject 36 old ACC=0.6773 MF1=0.6696 buffer=1445 added=37
[attack_stealth_loss_drift] New Task 17/49 Subject 98 attack=stealth_loss_drift
[attack_stealth_loss_drift] Individual 17 Subject 98 CPC Epoch 1 Loss 322.362417
[attack_stealth_loss_drift] Individual 17 Subject 98 CPC Epoch 2 Loss 219.267110
[attack_stealth_loss_drift] Individual 17 Subject 98 CPC Epoch 3 Loss 470.756124
[attack_stealth_loss_drift] Individual 17 Subject 98 CPC Epoch 4 Loss 309.016307
[attack_stealth_loss_drift] Individual 17 Subject 98 CPC Epoch 5 Loss 142.057269
[attack_stealth_loss_drift] Individual 17 Subject 98 CPC Epoch 6 Loss 344.164241
[attack_stealth_loss_drift] Individual 17 Subject 98 CPC Epoch 7 Loss 198.452154
[attack_stealth_loss_drift] Individual 17 Subject 98 CPC Epoch 8 Loss 249.232691
[attack_stealth_loss_drift] Individual 17 Subject 98 CPC Epoch 9 Loss 278.230769
[attack_stealth_loss_drift] Individual 17 Subject 98 CPC Epoch 10 Loss 174.835261
[attack_stealth_loss_drift] Individual 17 Subject 98 Joint Epoch 1 Loss 1.519788
[attack_stealth_loss_drift] Individual 17 Subject 98 Joint Epoch 2 Loss 1.603303
[attack_stealth_loss_drift] Individual 17 Subject 98 Joint Epoch 3 Loss 1.570479
[attack_stealth_loss_drift] Individual 17 Subject 98 Joint Epoch 4 Loss 1.400544
[attack_stealth_loss_drift] Individual 17 Subject 98 Joint Epoch 5 Loss 1.421624
[attack_stealth_loss_drift] Individual 17 Subject 98 Joint Epoch 6 Loss 1.437634
[attack_stealth_loss_drift] Individual 17 Subject 98 Joint Epoch 7 Loss 1.439214
[attack_stealth_loss_drift] Individual 17 Subject 98 Joint Epoch 8 Loss 1.496024
[attack_stealth_loss_drift] Individual 17 Subject 98 Joint Epoch 9 Loss 1.505855
[attack_stealth_loss_drift] Individual 17 Subject 98 Joint Epoch 10 Loss 1.510468
[attack_stealth_loss_drift] Subject 98 old ACC=0.5587 MF1=0.5140 buffer=1454 added=9
[attack_stealth_loss_drift] New Task 18/49 Subject 33 attack=stealth_loss_drift
[attack_stealth_loss_drift] Individual 18 Subject 33 CPC Epoch 1 Loss 72.894958
[attack_stealth_loss_drift] Individual 18 Subject 33 CPC Epoch 2 Loss 58.448853
[attack_stealth_loss_drift] Individual 18 Subject 33 CPC Epoch 3 Loss 59.172173
[attack_stealth_loss_drift] Individual 18 Subject 33 CPC Epoch 4 Loss 50.548573
[attack_stealth_loss_drift] Individual 18 Subject 33 CPC Epoch 5 Loss 46.157838
[attack_stealth_loss_drift] Individual 18 Subject 33 CPC Epoch 6 Loss 46.308781
[attack_stealth_loss_drift] Individual 18 Subject 33 CPC Epoch 7 Loss 45.393894
[attack_stealth_loss_drift] Individual 18 Subject 33 CPC Epoch 8 Loss 42.671385
[attack_stealth_loss_drift] Individual 18 Subject 33 CPC Epoch 9 Loss 36.404536
[attack_stealth_loss_drift] Individual 18 Subject 33 CPC Epoch 10 Loss 32.818666
[attack_stealth_loss_drift] Individual 18 Subject 33 Joint Epoch 1 Loss 1.079307
[attack_stealth_loss_drift] Individual 18 Subject 33 Joint Epoch 2 Loss 1.125746
[attack_stealth_loss_drift] Individual 18 Subject 33 Joint Epoch 3 Loss 1.088238
[attack_stealth_loss_drift] Individual 18 Subject 33 Joint Epoch 4 Loss 1.175790
[attack_stealth_loss_drift] Individual 18 Subject 33 Joint Epoch 5 Loss 1.102815
[attack_stealth_loss_drift] Individual 18 Subject 33 Joint Epoch 6 Loss 1.327070
[attack_stealth_loss_drift] Individual 18 Subject 33 Joint Epoch 7 Loss 1.142423
[attack_stealth_loss_drift] Individual 18 Subject 33 Joint Epoch 8 Loss 1.179133
[attack_stealth_loss_drift] Individual 18 Subject 33 Joint Epoch 9 Loss 1.138431
[attack_stealth_loss_drift] Individual 18 Subject 33 Joint Epoch 10 Loss 1.131228
[attack_stealth_loss_drift] Subject 33 old ACC=0.6602 MF1=0.6426 buffer=1492 added=38
[attack_stealth_loss_drift] New Task 19/49 Subject 55 attack=stealth_loss_drift
[attack_stealth_loss_drift] Individual 19 Subject 55 CPC Epoch 1 Loss 90.270270
[attack_stealth_loss_drift] Individual 19 Subject 55 CPC Epoch 2 Loss 66.020508
[attack_stealth_loss_drift] Individual 19 Subject 55 CPC Epoch 3 Loss 52.026346
[attack_stealth_loss_drift] Individual 19 Subject 55 CPC Epoch 4 Loss 55.269479
[attack_stealth_loss_drift] Individual 19 Subject 55 CPC Epoch 5 Loss 52.193794
[attack_stealth_loss_drift] Individual 19 Subject 55 CPC Epoch 6 Loss 45.470134
[attack_stealth_loss_drift] Individual 19 Subject 55 CPC Epoch 7 Loss 47.927233
[attack_stealth_loss_drift] Individual 19 Subject 55 CPC Epoch 8 Loss 37.766668
[attack_stealth_loss_drift] Individual 19 Subject 55 CPC Epoch 9 Loss 49.825771
[attack_stealth_loss_drift] Individual 19 Subject 55 CPC Epoch 10 Loss 33.330502
[attack_stealth_loss_drift] Individual 19 Subject 55 Joint Epoch 1 Loss 1.324662
[attack_stealth_loss_drift] Individual 19 Subject 55 Joint Epoch 2 Loss 1.276744
[attack_stealth_loss_drift] Individual 19 Subject 55 Joint Epoch 3 Loss 1.234928
[attack_stealth_loss_drift] Individual 19 Subject 55 Joint Epoch 4 Loss 1.252192
[attack_stealth_loss_drift] Individual 19 Subject 55 Joint Epoch 5 Loss 1.210790
[attack_stealth_loss_drift] Individual 19 Subject 55 Joint Epoch 6 Loss 1.123181
[attack_stealth_loss_drift] Individual 19 Subject 55 Joint Epoch 7 Loss 1.007713
[attack_stealth_loss_drift] Individual 19 Subject 55 Joint Epoch 8 Loss 1.389001
[attack_stealth_loss_drift] Individual 19 Subject 55 Joint Epoch 9 Loss 0.880077
[attack_stealth_loss_drift] Individual 19 Subject 55 Joint Epoch 10 Loss 1.282782
[attack_stealth_loss_drift] Subject 55 old ACC=0.6068 MF1=0.5724 buffer=1516 added=24
[attack_stealth_loss_drift] New Task 20/49 Subject 86 attack=stealth_loss_drift
[attack_stealth_loss_drift] Individual 20 Subject 86 CPC Epoch 1 Loss 97.654444
[attack_stealth_loss_drift] Individual 20 Subject 86 CPC Epoch 2 Loss 98.662018
[attack_stealth_loss_drift] Individual 20 Subject 86 CPC Epoch 3 Loss 69.684283
[attack_stealth_loss_drift] Individual 20 Subject 86 CPC Epoch 4 Loss 71.225524
[attack_stealth_loss_drift] Individual 20 Subject 86 CPC Epoch 5 Loss 67.837348
[attack_stealth_loss_drift] Individual 20 Subject 86 CPC Epoch 6 Loss 68.494593
[attack_stealth_loss_drift] Individual 20 Subject 86 CPC Epoch 7 Loss 47.859149
[attack_stealth_loss_drift] Individual 20 Subject 86 CPC Epoch 8 Loss 58.251467
[attack_stealth_loss_drift] Individual 20 Subject 86 CPC Epoch 9 Loss 48.500289
[attack_stealth_loss_drift] Individual 20 Subject 86 CPC Epoch 10 Loss 33.113642
[attack_stealth_loss_drift] Individual 20 Subject 86 Joint Epoch 1 Loss 1.020550
[attack_stealth_loss_drift] Individual 20 Subject 86 Joint Epoch 2 Loss 0.909238
[attack_stealth_loss_drift] Individual 20 Subject 86 Joint Epoch 3 Loss 0.948445
[attack_stealth_loss_drift] Individual 20 Subject 86 Joint Epoch 4 Loss 0.988764
[attack_stealth_loss_drift] Individual 20 Subject 86 Joint Epoch 5 Loss 0.877672
[attack_stealth_loss_drift] Individual 20 Subject 86 Joint Epoch 6 Loss 0.868347
[attack_stealth_loss_drift] Individual 20 Subject 86 Joint Epoch 7 Loss 0.973880
[attack_stealth_loss_drift] Individual 20 Subject 86 Joint Epoch 8 Loss 1.025317
[attack_stealth_loss_drift] Individual 20 Subject 86 Joint Epoch 9 Loss 1.013293
[attack_stealth_loss_drift] Individual 20 Subject 86 Joint Epoch 10 Loss 0.980532
[attack_stealth_loss_drift] Subject 86 old ACC=0.7227 MF1=0.6951 buffer=1542 added=26
[attack_stealth_loss_drift] New Task 21/49 Subject 54 attack=stealth_loss_drift
[attack_stealth_loss_drift] Individual 21 Subject 54 CPC Epoch 1 Loss 98.491578
[attack_stealth_loss_drift] Individual 21 Subject 54 CPC Epoch 2 Loss 72.342982
[attack_stealth_loss_drift] Individual 21 Subject 54 CPC Epoch 3 Loss 65.996892
[attack_stealth_loss_drift] Individual 21 Subject 54 CPC Epoch 4 Loss 53.944976
[attack_stealth_loss_drift] Individual 21 Subject 54 CPC Epoch 5 Loss 56.636468
[attack_stealth_loss_drift] Individual 21 Subject 54 CPC Epoch 6 Loss 56.936981
[attack_stealth_loss_drift] Individual 21 Subject 54 CPC Epoch 7 Loss 57.670242
[attack_stealth_loss_drift] Individual 21 Subject 54 CPC Epoch 8 Loss 59.232291
[attack_stealth_loss_drift] Individual 21 Subject 54 CPC Epoch 9 Loss 42.861529
[attack_stealth_loss_drift] Individual 21 Subject 54 CPC Epoch 10 Loss 52.225178
[attack_stealth_loss_drift] Individual 21 Subject 54 Joint Epoch 1 Loss 0.835263
[attack_stealth_loss_drift] Individual 21 Subject 54 Joint Epoch 2 Loss 0.935202
[attack_stealth_loss_drift] Individual 21 Subject 54 Joint Epoch 3 Loss 0.954698
[attack_stealth_loss_drift] Individual 21 Subject 54 Joint Epoch 4 Loss 0.908797
[attack_stealth_loss_drift] Individual 21 Subject 54 Joint Epoch 5 Loss 0.837946
[attack_stealth_loss_drift] Individual 21 Subject 54 Joint Epoch 6 Loss 1.072275
[attack_stealth_loss_drift] Individual 21 Subject 54 Joint Epoch 7 Loss 0.906324
[attack_stealth_loss_drift] Individual 21 Subject 54 Joint Epoch 8 Loss 1.149312
[attack_stealth_loss_drift] Individual 21 Subject 54 Joint Epoch 9 Loss 0.771146
[attack_stealth_loss_drift] Individual 21 Subject 54 Joint Epoch 10 Loss 0.820420
[attack_stealth_loss_drift] Subject 54 old ACC=0.7198 MF1=0.7051 buffer=1571 added=29
[attack_stealth_loss_drift] New Task 22/49 Subject 84 attack=stealth_loss_drift
[attack_stealth_loss_drift] Individual 22 Subject 84 CPC Epoch 1 Loss 94.035313
[attack_stealth_loss_drift] Individual 22 Subject 84 CPC Epoch 2 Loss 88.456741
[attack_stealth_loss_drift] Individual 22 Subject 84 CPC Epoch 3 Loss 65.838661
[attack_stealth_loss_drift] Individual 22 Subject 84 CPC Epoch 4 Loss 73.206713
[attack_stealth_loss_drift] Individual 22 Subject 84 CPC Epoch 5 Loss 69.700166
[attack_stealth_loss_drift] Individual 22 Subject 84 CPC Epoch 6 Loss 49.992263
[attack_stealth_loss_drift] Individual 22 Subject 84 CPC Epoch 7 Loss 41.065500
[attack_stealth_loss_drift] Individual 22 Subject 84 CPC Epoch 8 Loss 52.665744
[attack_stealth_loss_drift] Individual 22 Subject 84 CPC Epoch 9 Loss 40.321033
[attack_stealth_loss_drift] Individual 22 Subject 84 CPC Epoch 10 Loss 37.869607
[attack_stealth_loss_drift] Individual 22 Subject 84 Joint Epoch 1 Loss 0.970099
[attack_stealth_loss_drift] Individual 22 Subject 84 Joint Epoch 2 Loss 1.080157
[attack_stealth_loss_drift] Individual 22 Subject 84 Joint Epoch 3 Loss 1.079724
[attack_stealth_loss_drift] Individual 22 Subject 84 Joint Epoch 4 Loss 0.808016
[attack_stealth_loss_drift] Individual 22 Subject 84 Joint Epoch 5 Loss 0.956366
[attack_stealth_loss_drift] Individual 22 Subject 84 Joint Epoch 6 Loss 0.988311
[attack_stealth_loss_drift] Individual 22 Subject 84 Joint Epoch 7 Loss 0.929808
[attack_stealth_loss_drift] Individual 22 Subject 84 Joint Epoch 8 Loss 1.034372
[attack_stealth_loss_drift] Individual 22 Subject 84 Joint Epoch 9 Loss 0.913380
[attack_stealth_loss_drift] Individual 22 Subject 84 Joint Epoch 10 Loss 0.913891
[attack_stealth_loss_drift] Subject 84 old ACC=0.7229 MF1=0.7043 buffer=1602 added=31
[attack_stealth_loss_drift] New Task 23/49 Subject 49 attack=stealth_loss_drift
[attack_stealth_loss_drift] Individual 23 Subject 49 CPC Epoch 1 Loss 105.928637
[attack_stealth_loss_drift] Individual 23 Subject 49 CPC Epoch 2 Loss 73.992536
[attack_stealth_loss_drift] Individual 23 Subject 49 CPC Epoch 3 Loss 68.450534
[attack_stealth_loss_drift] Individual 23 Subject 49 CPC Epoch 4 Loss 72.715253
[attack_stealth_loss_drift] Individual 23 Subject 49 CPC Epoch 5 Loss 53.652966
[attack_stealth_loss_drift] Individual 23 Subject 49 CPC Epoch 6 Loss 56.105110
[attack_stealth_loss_drift] Individual 23 Subject 49 CPC Epoch 7 Loss 51.651642
[attack_stealth_loss_drift] Individual 23 Subject 49 CPC Epoch 8 Loss 50.503820
[attack_stealth_loss_drift] Individual 23 Subject 49 CPC Epoch 9 Loss 45.499587
[attack_stealth_loss_drift] Individual 23 Subject 49 CPC Epoch 10 Loss 43.113271
[attack_stealth_loss_drift] Individual 23 Subject 49 Joint Epoch 1 Loss 1.492489
[attack_stealth_loss_drift] Individual 23 Subject 49 Joint Epoch 2 Loss 1.374917
[attack_stealth_loss_drift] Individual 23 Subject 49 Joint Epoch 3 Loss 1.193105
[attack_stealth_loss_drift] Individual 23 Subject 49 Joint Epoch 4 Loss 1.231816
[attack_stealth_loss_drift] Individual 23 Subject 49 Joint Epoch 5 Loss 1.420508
[attack_stealth_loss_drift] Individual 23 Subject 49 Joint Epoch 6 Loss 1.134120
[attack_stealth_loss_drift] Individual 23 Subject 49 Joint Epoch 7 Loss 1.226497
[attack_stealth_loss_drift] Individual 23 Subject 49 Joint Epoch 8 Loss 1.621881
[attack_stealth_loss_drift] Individual 23 Subject 49 Joint Epoch 9 Loss 1.797469
[attack_stealth_loss_drift] Individual 23 Subject 49 Joint Epoch 10 Loss 1.594505
[attack_stealth_loss_drift] Subject 49 old ACC=0.6769 MF1=0.6542 buffer=1625 added=23
[attack_stealth_loss_drift] New Task 24/49 Subject 3 attack=stealth_loss_drift
[attack_stealth_loss_drift] Individual 24 Subject 3 CPC Epoch 1 Loss 94.606285
[attack_stealth_loss_drift] Individual 24 Subject 3 CPC Epoch 2 Loss 100.667493
[attack_stealth_loss_drift] Individual 24 Subject 3 CPC Epoch 3 Loss 86.470851
[attack_stealth_loss_drift] Individual 24 Subject 3 CPC Epoch 4 Loss 97.046412
[attack_stealth_loss_drift] Individual 24 Subject 3 CPC Epoch 5 Loss 87.939728
[attack_stealth_loss_drift] Individual 24 Subject 3 CPC Epoch 6 Loss 80.925710
[attack_stealth_loss_drift] Individual 24 Subject 3 CPC Epoch 7 Loss 69.775892
[attack_stealth_loss_drift] Individual 24 Subject 3 CPC Epoch 8 Loss 64.881605
[attack_stealth_loss_drift] Individual 24 Subject 3 CPC Epoch 9 Loss 102.782160
[attack_stealth_loss_drift] Individual 24 Subject 3 CPC Epoch 10 Loss 81.028562
[attack_stealth_loss_drift] Individual 24 Subject 3 Joint Epoch 1 Loss 1.083088
[attack_stealth_loss_drift] Individual 24 Subject 3 Joint Epoch 2 Loss 1.058659
[attack_stealth_loss_drift] Individual 24 Subject 3 Joint Epoch 3 Loss 1.065620
[attack_stealth_loss_drift] Individual 24 Subject 3 Joint Epoch 4 Loss 1.067618
[attack_stealth_loss_drift] Individual 24 Subject 3 Joint Epoch 5 Loss 1.101711
[attack_stealth_loss_drift] Individual 24 Subject 3 Joint Epoch 6 Loss 1.171218
[attack_stealth_loss_drift] Individual 24 Subject 3 Joint Epoch 7 Loss 1.174334
[attack_stealth_loss_drift] Individual 24 Subject 3 Joint Epoch 8 Loss 1.164539
[attack_stealth_loss_drift] Individual 24 Subject 3 Joint Epoch 9 Loss 1.117192
[attack_stealth_loss_drift] Individual 24 Subject 3 Joint Epoch 10 Loss 1.062223
[attack_stealth_loss_drift] Subject 3 old ACC=0.6912 MF1=0.6532 buffer=1634 added=9
[attack_stealth_loss_drift] New Task 25/49 Subject 2 attack=stealth_loss_drift
[attack_stealth_loss_drift] Individual 25 Subject 2 CPC Epoch 1 Loss 61.387451
[attack_stealth_loss_drift] Individual 25 Subject 2 CPC Epoch 2 Loss 88.204948
[attack_stealth_loss_drift] Individual 25 Subject 2 CPC Epoch 3 Loss 83.966204
[attack_stealth_loss_drift] Individual 25 Subject 2 CPC Epoch 4 Loss 68.989105
[attack_stealth_loss_drift] Individual 25 Subject 2 CPC Epoch 5 Loss 63.188184
[attack_stealth_loss_drift] Individual 25 Subject 2 CPC Epoch 6 Loss 69.808988
[attack_stealth_loss_drift] Individual 25 Subject 2 CPC Epoch 7 Loss 66.369064
[attack_stealth_loss_drift] Individual 25 Subject 2 CPC Epoch 8 Loss 58.479877
[attack_stealth_loss_drift] Individual 25 Subject 2 CPC Epoch 9 Loss 62.068787
[attack_stealth_loss_drift] Individual 25 Subject 2 CPC Epoch 10 Loss 51.979352
[attack_stealth_loss_drift] Individual 25 Subject 2 Joint Epoch 1 Loss 1.213482
[attack_stealth_loss_drift] Individual 25 Subject 2 Joint Epoch 2 Loss 1.217835
[attack_stealth_loss_drift] Individual 25 Subject 2 Joint Epoch 3 Loss 1.122331
[attack_stealth_loss_drift] Individual 25 Subject 2 Joint Epoch 4 Loss 1.276939
[attack_stealth_loss_drift] Individual 25 Subject 2 Joint Epoch 5 Loss 1.152001
[attack_stealth_loss_drift] Individual 25 Subject 2 Joint Epoch 6 Loss 1.150843
[attack_stealth_loss_drift] Individual 25 Subject 2 Joint Epoch 7 Loss 1.284911
[attack_stealth_loss_drift] Individual 25 Subject 2 Joint Epoch 8 Loss 1.280322
[attack_stealth_loss_drift] Individual 25 Subject 2 Joint Epoch 9 Loss 1.182275
[attack_stealth_loss_drift] Individual 25 Subject 2 Joint Epoch 10 Loss 1.185550
[attack_stealth_loss_drift] Subject 2 old ACC=0.6429 MF1=0.6045 buffer=1636 added=2
[attack_stealth_loss_drift] New Task 26/49 Subject 10 attack=stealth_loss_drift
[attack_stealth_loss_drift] Individual 26 Subject 10 CPC Epoch 1 Loss 83.657251
[attack_stealth_loss_drift] Individual 26 Subject 10 CPC Epoch 2 Loss 54.686733
[attack_stealth_loss_drift] Individual 26 Subject 10 CPC Epoch 3 Loss 56.650749
[attack_stealth_loss_drift] Individual 26 Subject 10 CPC Epoch 4 Loss 58.972357
[attack_stealth_loss_drift] Individual 26 Subject 10 CPC Epoch 5 Loss 54.299755
[attack_stealth_loss_drift] Individual 26 Subject 10 CPC Epoch 6 Loss 49.238527
[attack_stealth_loss_drift] Individual 26 Subject 10 CPC Epoch 7 Loss 48.636180
[attack_stealth_loss_drift] Individual 26 Subject 10 CPC Epoch 8 Loss 43.223672
[attack_stealth_loss_drift] Individual 26 Subject 10 CPC Epoch 9 Loss 59.241283
[attack_stealth_loss_drift] Individual 26 Subject 10 CPC Epoch 10 Loss 41.577396
[attack_stealth_loss_drift] Individual 26 Subject 10 Joint Epoch 1 Loss 1.015026
[attack_stealth_loss_drift] Individual 26 Subject 10 Joint Epoch 2 Loss 0.974400
[attack_stealth_loss_drift] Individual 26 Subject 10 Joint Epoch 3 Loss 0.889594
[attack_stealth_loss_drift] Individual 26 Subject 10 Joint Epoch 4 Loss 0.949744
[attack_stealth_loss_drift] Individual 26 Subject 10 Joint Epoch 5 Loss 1.070758
[attack_stealth_loss_drift] Individual 26 Subject 10 Joint Epoch 6 Loss 0.850393
[attack_stealth_loss_drift] Individual 26 Subject 10 Joint Epoch 7 Loss 0.817287
[attack_stealth_loss_drift] Individual 26 Subject 10 Joint Epoch 8 Loss 0.981978
[attack_stealth_loss_drift] Individual 26 Subject 10 Joint Epoch 9 Loss 1.168483
[attack_stealth_loss_drift] Individual 26 Subject 10 Joint Epoch 10 Loss 0.955073
[attack_stealth_loss_drift] Subject 10 old ACC=0.6590 MF1=0.6252 buffer=1652 added=16
[attack_stealth_loss_drift] New Task 27/49 Subject 87 attack=stealth_loss_drift
[attack_stealth_loss_drift] Individual 27 Subject 87 CPC Epoch 1 Loss 134.371468
[attack_stealth_loss_drift] Individual 27 Subject 87 CPC Epoch 2 Loss 99.909485
[attack_stealth_loss_drift] Individual 27 Subject 87 CPC Epoch 3 Loss 83.160449
[attack_stealth_loss_drift] Individual 27 Subject 87 CPC Epoch 4 Loss 87.244751
[attack_stealth_loss_drift] Individual 27 Subject 87 CPC Epoch 5 Loss 88.301577
[attack_stealth_loss_drift] Individual 27 Subject 87 CPC Epoch 6 Loss 78.744937
[attack_stealth_loss_drift] Individual 27 Subject 87 CPC Epoch 7 Loss 86.166906
[attack_stealth_loss_drift] Individual 27 Subject 87 CPC Epoch 8 Loss 69.576068
[attack_stealth_loss_drift] Individual 27 Subject 87 CPC Epoch 9 Loss 73.326372
[attack_stealth_loss_drift] Individual 27 Subject 87 CPC Epoch 10 Loss 62.986731
[attack_stealth_loss_drift] Individual 27 Subject 87 Joint Epoch 1 Loss 0.685895
[attack_stealth_loss_drift] Individual 27 Subject 87 Joint Epoch 2 Loss 0.810276
[attack_stealth_loss_drift] Individual 27 Subject 87 Joint Epoch 3 Loss 0.822669
[attack_stealth_loss_drift] Individual 27 Subject 87 Joint Epoch 4 Loss 0.821355
[attack_stealth_loss_drift] Individual 27 Subject 87 Joint Epoch 5 Loss 0.791718
[attack_stealth_loss_drift] Individual 27 Subject 87 Joint Epoch 6 Loss 0.688766
[attack_stealth_loss_drift] Individual 27 Subject 87 Joint Epoch 7 Loss 0.865965
[attack_stealth_loss_drift] Individual 27 Subject 87 Joint Epoch 8 Loss 0.713061
[attack_stealth_loss_drift] Individual 27 Subject 87 Joint Epoch 9 Loss 0.854774
[attack_stealth_loss_drift] Individual 27 Subject 87 Joint Epoch 10 Loss 0.953144
[attack_stealth_loss_drift] Subject 87 old ACC=0.7290 MF1=0.7192 buffer=1682 added=30
[attack_stealth_loss_drift] New Task 28/49 Subject 15 attack=stealth_loss_drift
[attack_stealth_loss_drift] Individual 28 Subject 15 CPC Epoch 1 Loss 82.737302
[attack_stealth_loss_drift] Individual 28 Subject 15 CPC Epoch 2 Loss 81.881632
[attack_stealth_loss_drift] Individual 28 Subject 15 CPC Epoch 3 Loss 92.934769
[attack_stealth_loss_drift] Individual 28 Subject 15 CPC Epoch 4 Loss 87.370440
[attack_stealth_loss_drift] Individual 28 Subject 15 CPC Epoch 5 Loss 108.485992
[attack_stealth_loss_drift] Individual 28 Subject 15 CPC Epoch 6 Loss 95.643593
[attack_stealth_loss_drift] Individual 28 Subject 15 CPC Epoch 7 Loss 83.230305
[attack_stealth_loss_drift] Individual 28 Subject 15 CPC Epoch 8 Loss 95.261091
[attack_stealth_loss_drift] Individual 28 Subject 15 CPC Epoch 9 Loss 96.607918
[attack_stealth_loss_drift] Individual 28 Subject 15 CPC Epoch 10 Loss 94.671379
[attack_stealth_loss_drift] Individual 28 Subject 15 Joint Epoch 1 Loss 0.968612
[attack_stealth_loss_drift] Individual 28 Subject 15 Joint Epoch 2 Loss 1.033329
[attack_stealth_loss_drift] Individual 28 Subject 15 Joint Epoch 3 Loss 1.043503
[attack_stealth_loss_drift] Individual 28 Subject 15 Joint Epoch 4 Loss 1.482564
[attack_stealth_loss_drift] Individual 28 Subject 15 Joint Epoch 5 Loss 1.132077
[attack_stealth_loss_drift] Individual 28 Subject 15 Joint Epoch 6 Loss 1.169221
[attack_stealth_loss_drift] Individual 28 Subject 15 Joint Epoch 7 Loss 1.123376
[attack_stealth_loss_drift] Individual 28 Subject 15 Joint Epoch 8 Loss 1.289388
[attack_stealth_loss_drift] Individual 28 Subject 15 Joint Epoch 9 Loss 1.381099
[attack_stealth_loss_drift] Individual 28 Subject 15 Joint Epoch 10 Loss 1.142006
[attack_stealth_loss_drift] Subject 15 old ACC=0.5878 MF1=0.5482 buffer=1683 added=1
[attack_stealth_loss_drift] New Task 29/49 Subject 95 attack=stealth_loss_drift
[attack_stealth_loss_drift] Individual 29 Subject 95 CPC Epoch 1 Loss 109.924573
[attack_stealth_loss_drift] Individual 29 Subject 95 CPC Epoch 2 Loss 99.464211
[attack_stealth_loss_drift] Individual 29 Subject 95 CPC Epoch 3 Loss 106.329514
[attack_stealth_loss_drift] Individual 29 Subject 95 CPC Epoch 4 Loss 80.423986
[attack_stealth_loss_drift] Individual 29 Subject 95 CPC Epoch 5 Loss 96.920019
[attack_stealth_loss_drift] Individual 29 Subject 95 CPC Epoch 6 Loss 78.608215
[attack_stealth_loss_drift] Individual 29 Subject 95 CPC Epoch 7 Loss 74.676323
[attack_stealth_loss_drift] Individual 29 Subject 95 CPC Epoch 8 Loss 86.620669
[attack_stealth_loss_drift] Individual 29 Subject 95 CPC Epoch 9 Loss 84.631152
[attack_stealth_loss_drift] Individual 29 Subject 95 CPC Epoch 10 Loss 80.710772
[attack_stealth_loss_drift] Individual 29 Subject 95 Joint Epoch 1 Loss 0.647667
[attack_stealth_loss_drift] Individual 29 Subject 95 Joint Epoch 2 Loss 0.762231
[attack_stealth_loss_drift] Individual 29 Subject 95 Joint Epoch 3 Loss 0.832827
[attack_stealth_loss_drift] Individual 29 Subject 95 Joint Epoch 4 Loss 0.670078
[attack_stealth_loss_drift] Individual 29 Subject 95 Joint Epoch 5 Loss 0.754268
[attack_stealth_loss_drift] Individual 29 Subject 95 Joint Epoch 6 Loss 0.689556
[attack_stealth_loss_drift] Individual 29 Subject 95 Joint Epoch 7 Loss 0.662120
[attack_stealth_loss_drift] Individual 29 Subject 95 Joint Epoch 8 Loss 0.784989
[attack_stealth_loss_drift] Individual 29 Subject 95 Joint Epoch 9 Loss 0.633983
[attack_stealth_loss_drift] Individual 29 Subject 95 Joint Epoch 10 Loss 0.814699
[attack_stealth_loss_drift] Subject 95 old ACC=0.7506 MF1=0.7338 buffer=1705 added=22
[attack_stealth_loss_drift] New Task 30/49 Subject 57 attack=stealth_loss_drift
[attack_stealth_loss_drift] Individual 30 Subject 57 CPC Epoch 1 Loss 87.017372
[attack_stealth_loss_drift] Individual 30 Subject 57 CPC Epoch 2 Loss 65.904161
[attack_stealth_loss_drift] Individual 30 Subject 57 CPC Epoch 3 Loss 70.005014
[attack_stealth_loss_drift] Individual 30 Subject 57 CPC Epoch 4 Loss 60.468128
[attack_stealth_loss_drift] Individual 30 Subject 57 CPC Epoch 5 Loss 63.560896
[attack_stealth_loss_drift] Individual 30 Subject 57 CPC Epoch 6 Loss 52.060318
[attack_stealth_loss_drift] Individual 30 Subject 57 CPC Epoch 7 Loss 52.419168
[attack_stealth_loss_drift] Individual 30 Subject 57 CPC Epoch 8 Loss 49.532308
[attack_stealth_loss_drift] Individual 30 Subject 57 CPC Epoch 9 Loss 52.472843
[attack_stealth_loss_drift] Individual 30 Subject 57 CPC Epoch 10 Loss 41.315720
[attack_stealth_loss_drift] Individual 30 Subject 57 Joint Epoch 1 Loss 1.164707
[attack_stealth_loss_drift] Individual 30 Subject 57 Joint Epoch 2 Loss 2.221521
[attack_stealth_loss_drift] Individual 30 Subject 57 Joint Epoch 3 Loss 0.822059
[attack_stealth_loss_drift] Individual 30 Subject 57 Joint Epoch 4 Loss 0.801389
[attack_stealth_loss_drift] Individual 30 Subject 57 Joint Epoch 5 Loss 0.803823
[attack_stealth_loss_drift] Individual 30 Subject 57 Joint Epoch 6 Loss 1.063801
[attack_stealth_loss_drift] Individual 30 Subject 57 Joint Epoch 7 Loss 0.846084
[attack_stealth_loss_drift] Individual 30 Subject 57 Joint Epoch 8 Loss 1.139570
[attack_stealth_loss_drift] Individual 30 Subject 57 Joint Epoch 9 Loss 0.956813
[attack_stealth_loss_drift] Individual 30 Subject 57 Joint Epoch 10 Loss 0.935035
[attack_stealth_loss_drift] Subject 57 old ACC=0.6861 MF1=0.6500 buffer=1736 added=31
[attack_stealth_loss_drift] New Task 31/49 Subject 70 attack=stealth_loss_drift
[attack_stealth_loss_drift] Individual 31 Subject 70 CPC Epoch 1 Loss 101.262583
[attack_stealth_loss_drift] Individual 31 Subject 70 CPC Epoch 2 Loss 80.990414
[attack_stealth_loss_drift] Individual 31 Subject 70 CPC Epoch 3 Loss 75.501544
[attack_stealth_loss_drift] Individual 31 Subject 70 CPC Epoch 4 Loss 65.222733
[attack_stealth_loss_drift] Individual 31 Subject 70 CPC Epoch 5 Loss 62.164847
[attack_stealth_loss_drift] Individual 31 Subject 70 CPC Epoch 6 Loss 62.311442
[attack_stealth_loss_drift] Individual 31 Subject 70 CPC Epoch 7 Loss 48.381608
[attack_stealth_loss_drift] Individual 31 Subject 70 CPC Epoch 8 Loss 51.107942
[attack_stealth_loss_drift] Individual 31 Subject 70 CPC Epoch 9 Loss 52.014492
[attack_stealth_loss_drift] Individual 31 Subject 70 CPC Epoch 10 Loss 47.632022
[attack_stealth_loss_drift] Individual 31 Subject 70 Joint Epoch 1 Loss 1.277884
[attack_stealth_loss_drift] Individual 31 Subject 70 Joint Epoch 2 Loss 1.426754
[attack_stealth_loss_drift] Individual 31 Subject 70 Joint Epoch 3 Loss 1.260017
[attack_stealth_loss_drift] Individual 31 Subject 70 Joint Epoch 4 Loss 1.348853
[attack_stealth_loss_drift] Individual 31 Subject 70 Joint Epoch 5 Loss 1.329762
[attack_stealth_loss_drift] Individual 31 Subject 70 Joint Epoch 6 Loss 1.342872
[attack_stealth_loss_drift] Individual 31 Subject 70 Joint Epoch 7 Loss 1.186920
[attack_stealth_loss_drift] Individual 31 Subject 70 Joint Epoch 8 Loss 1.198137
[attack_stealth_loss_drift] Individual 31 Subject 70 Joint Epoch 9 Loss 1.361338
[attack_stealth_loss_drift] Individual 31 Subject 70 Joint Epoch 10 Loss 1.180483
[attack_stealth_loss_drift] Subject 70 old ACC=0.6919 MF1=0.6549 buffer=1765 added=29
[attack_stealth_loss_drift] New Task 32/49 Subject 11 attack=stealth_loss_drift
[attack_stealth_loss_drift] Individual 32 Subject 11 CPC Epoch 1 Loss 99.239370
[attack_stealth_loss_drift] Individual 32 Subject 11 CPC Epoch 2 Loss 62.431695
[attack_stealth_loss_drift] Individual 32 Subject 11 CPC Epoch 3 Loss 58.596134
[attack_stealth_loss_drift] Individual 32 Subject 11 CPC Epoch 4 Loss 60.094756
[attack_stealth_loss_drift] Individual 32 Subject 11 CPC Epoch 5 Loss 47.065934
[attack_stealth_loss_drift] Individual 32 Subject 11 CPC Epoch 6 Loss 44.169051
[attack_stealth_loss_drift] Individual 32 Subject 11 CPC Epoch 7 Loss 45.939037
[attack_stealth_loss_drift] Individual 32 Subject 11 CPC Epoch 8 Loss 33.753091
[attack_stealth_loss_drift] Individual 32 Subject 11 CPC Epoch 9 Loss 38.784589
[attack_stealth_loss_drift] Individual 32 Subject 11 CPC Epoch 10 Loss 36.594226
[attack_stealth_loss_drift] Individual 32 Subject 11 Joint Epoch 1 Loss 1.188219
[attack_stealth_loss_drift] Individual 32 Subject 11 Joint Epoch 2 Loss 1.086286
[attack_stealth_loss_drift] Individual 32 Subject 11 Joint Epoch 3 Loss 1.059619
[attack_stealth_loss_drift] Individual 32 Subject 11 Joint Epoch 4 Loss 1.118294
[attack_stealth_loss_drift] Individual 32 Subject 11 Joint Epoch 5 Loss 1.226578
[attack_stealth_loss_drift] Individual 32 Subject 11 Joint Epoch 6 Loss 1.043171
[attack_stealth_loss_drift] Individual 32 Subject 11 Joint Epoch 7 Loss 1.164876
[attack_stealth_loss_drift] Individual 32 Subject 11 Joint Epoch 8 Loss 1.021604
[attack_stealth_loss_drift] Individual 32 Subject 11 Joint Epoch 9 Loss 1.202741
[attack_stealth_loss_drift] Individual 32 Subject 11 Joint Epoch 10 Loss 1.231861
[attack_stealth_loss_drift] Subject 11 old ACC=0.6680 MF1=0.6322 buffer=1780 added=15
[attack_stealth_loss_drift] New Task 33/49 Subject 47 attack=stealth_loss_drift
[attack_stealth_loss_drift] Individual 33 Subject 47 CPC Epoch 1 Loss 99.683975
[attack_stealth_loss_drift] Individual 33 Subject 47 CPC Epoch 2 Loss 90.609008
[attack_stealth_loss_drift] Individual 33 Subject 47 CPC Epoch 3 Loss 75.769114
[attack_stealth_loss_drift] Individual 33 Subject 47 CPC Epoch 4 Loss 67.219454
[attack_stealth_loss_drift] Individual 33 Subject 47 CPC Epoch 5 Loss 70.193901
[attack_stealth_loss_drift] Individual 33 Subject 47 CPC Epoch 6 Loss 68.270398
[attack_stealth_loss_drift] Individual 33 Subject 47 CPC Epoch 7 Loss 51.243067
[attack_stealth_loss_drift] Individual 33 Subject 47 CPC Epoch 8 Loss 62.426825
[attack_stealth_loss_drift] Individual 33 Subject 47 CPC Epoch 9 Loss 47.752450
[attack_stealth_loss_drift] Individual 33 Subject 47 CPC Epoch 10 Loss 61.365456
[attack_stealth_loss_drift] Individual 33 Subject 47 Joint Epoch 1 Loss 1.315590
[attack_stealth_loss_drift] Individual 33 Subject 47 Joint Epoch 2 Loss 1.296876
[attack_stealth_loss_drift] Individual 33 Subject 47 Joint Epoch 3 Loss 1.062393
[attack_stealth_loss_drift] Individual 33 Subject 47 Joint Epoch 4 Loss 1.183428
[attack_stealth_loss_drift] Individual 33 Subject 47 Joint Epoch 5 Loss 1.040495
[attack_stealth_loss_drift] Individual 33 Subject 47 Joint Epoch 6 Loss 1.119621
[attack_stealth_loss_drift] Individual 33 Subject 47 Joint Epoch 7 Loss 1.284713
[attack_stealth_loss_drift] Individual 33 Subject 47 Joint Epoch 8 Loss 1.268049
[attack_stealth_loss_drift] Individual 33 Subject 47 Joint Epoch 9 Loss 1.022851
[attack_stealth_loss_drift] Individual 33 Subject 47 Joint Epoch 10 Loss 1.171152
[attack_stealth_loss_drift] Subject 47 old ACC=0.7108 MF1=0.6908 buffer=1798 added=18
[attack_stealth_loss_drift] New Task 34/49 Subject 65 attack=stealth_loss_drift
[attack_stealth_loss_drift] Individual 34 Subject 65 CPC Epoch 1 Loss 101.768450
[attack_stealth_loss_drift] Individual 34 Subject 65 CPC Epoch 2 Loss 113.146896
[attack_stealth_loss_drift] Individual 34 Subject 65 CPC Epoch 3 Loss 81.454376
[attack_stealth_loss_drift] Individual 34 Subject 65 CPC Epoch 4 Loss 94.423164
[attack_stealth_loss_drift] Individual 34 Subject 65 CPC Epoch 5 Loss 79.076319
[attack_stealth_loss_drift] Individual 34 Subject 65 CPC Epoch 6 Loss 67.383602
[attack_stealth_loss_drift] Individual 34 Subject 65 CPC Epoch 7 Loss 61.850173
[attack_stealth_loss_drift] Individual 34 Subject 65 CPC Epoch 8 Loss 95.565868
[attack_stealth_loss_drift] Individual 34 Subject 65 CPC Epoch 9 Loss 73.169600
[attack_stealth_loss_drift] Individual 34 Subject 65 CPC Epoch 10 Loss 67.361576
[attack_stealth_loss_drift] Individual 34 Subject 65 Joint Epoch 1 Loss 1.028679
[attack_stealth_loss_drift] Individual 34 Subject 65 Joint Epoch 2 Loss 0.985021
[attack_stealth_loss_drift] Individual 34 Subject 65 Joint Epoch 3 Loss 1.171349
[attack_stealth_loss_drift] Individual 34 Subject 65 Joint Epoch 4 Loss 0.867771
[attack_stealth_loss_drift] Individual 34 Subject 65 Joint Epoch 5 Loss 0.758336
[attack_stealth_loss_drift] Individual 34 Subject 65 Joint Epoch 6 Loss 0.956580
[attack_stealth_loss_drift] Individual 34 Subject 65 Joint Epoch 7 Loss 1.328547
[attack_stealth_loss_drift] Individual 34 Subject 65 Joint Epoch 8 Loss 1.738254
[attack_stealth_loss_drift] Individual 34 Subject 65 Joint Epoch 9 Loss 1.014164
[attack_stealth_loss_drift] Individual 34 Subject 65 Joint Epoch 10 Loss 0.894393
[attack_stealth_loss_drift] Subject 65 old ACC=0.7059 MF1=0.6797 buffer=1824 added=26
[attack_stealth_loss_drift] New Task 35/49 Subject 66 attack=stealth_loss_drift
[attack_stealth_loss_drift] Individual 35 Subject 66 CPC Epoch 1 Loss 122.711377
[attack_stealth_loss_drift] Individual 35 Subject 66 CPC Epoch 2 Loss 86.975390
[attack_stealth_loss_drift] Individual 35 Subject 66 CPC Epoch 3 Loss 111.606222
[attack_stealth_loss_drift] Individual 35 Subject 66 CPC Epoch 4 Loss 97.837949
[attack_stealth_loss_drift] Individual 35 Subject 66 CPC Epoch 5 Loss 105.232079
[attack_stealth_loss_drift] Individual 35 Subject 66 CPC Epoch 6 Loss 76.853778
[attack_stealth_loss_drift] Individual 35 Subject 66 CPC Epoch 7 Loss 79.080302
[attack_stealth_loss_drift] Individual 35 Subject 66 CPC Epoch 8 Loss 70.664961
[attack_stealth_loss_drift] Individual 35 Subject 66 CPC Epoch 9 Loss 70.065943
[attack_stealth_loss_drift] Individual 35 Subject 66 CPC Epoch 10 Loss 67.192912
[attack_stealth_loss_drift] Individual 35 Subject 66 Joint Epoch 1 Loss 1.057328
[attack_stealth_loss_drift] Individual 35 Subject 66 Joint Epoch 2 Loss 1.227923
[attack_stealth_loss_drift] Individual 35 Subject 66 Joint Epoch 3 Loss 1.135641
[attack_stealth_loss_drift] Individual 35 Subject 66 Joint Epoch 4 Loss 1.086387
[attack_stealth_loss_drift] Individual 35 Subject 66 Joint Epoch 5 Loss 0.994066
[attack_stealth_loss_drift] Individual 35 Subject 66 Joint Epoch 6 Loss 1.231888
[attack_stealth_loss_drift] Individual 35 Subject 66 Joint Epoch 7 Loss 1.079616
[attack_stealth_loss_drift] Individual 35 Subject 66 Joint Epoch 8 Loss 1.280231
[attack_stealth_loss_drift] Individual 35 Subject 66 Joint Epoch 9 Loss 1.235382
[attack_stealth_loss_drift] Individual 35 Subject 66 Joint Epoch 10 Loss 1.017734
[attack_stealth_loss_drift] Subject 66 old ACC=0.6962 MF1=0.6841 buffer=1849 added=25
[attack_stealth_loss_drift] New Task 36/49 Subject 96 attack=stealth_loss_drift
[attack_stealth_loss_drift] Individual 36 Subject 96 CPC Epoch 1 Loss 114.176772
[attack_stealth_loss_drift] Individual 36 Subject 96 CPC Epoch 2 Loss 84.921701
[attack_stealth_loss_drift] Individual 36 Subject 96 CPC Epoch 3 Loss 57.377213
[attack_stealth_loss_drift] Individual 36 Subject 96 CPC Epoch 4 Loss 64.731261
[attack_stealth_loss_drift] Individual 36 Subject 96 CPC Epoch 5 Loss 55.360067
[attack_stealth_loss_drift] Individual 36 Subject 96 CPC Epoch 6 Loss 52.368345
[attack_stealth_loss_drift] Individual 36 Subject 96 CPC Epoch 7 Loss 39.796188
[attack_stealth_loss_drift] Individual 36 Subject 96 CPC Epoch 8 Loss 44.701355
[attack_stealth_loss_drift] Individual 36 Subject 96 CPC Epoch 9 Loss 32.245230
[attack_stealth_loss_drift] Individual 36 Subject 96 CPC Epoch 10 Loss 31.373260
[attack_stealth_loss_drift] Individual 36 Subject 96 Joint Epoch 1 Loss 1.012897
[attack_stealth_loss_drift] Individual 36 Subject 96 Joint Epoch 2 Loss 1.091955
[attack_stealth_loss_drift] Individual 36 Subject 96 Joint Epoch 3 Loss 0.975540
[attack_stealth_loss_drift] Individual 36 Subject 96 Joint Epoch 4 Loss 0.884312
[attack_stealth_loss_drift] Individual 36 Subject 96 Joint Epoch 5 Loss 0.875652
[attack_stealth_loss_drift] Individual 36 Subject 96 Joint Epoch 6 Loss 1.001184
[attack_stealth_loss_drift] Individual 36 Subject 96 Joint Epoch 7 Loss 0.950268
[attack_stealth_loss_drift] Individual 36 Subject 96 Joint Epoch 8 Loss 1.049182
[attack_stealth_loss_drift] Individual 36 Subject 96 Joint Epoch 9 Loss 0.884155
[attack_stealth_loss_drift] Individual 36 Subject 96 Joint Epoch 10 Loss 1.044163
[attack_stealth_loss_drift] Subject 96 old ACC=0.7310 MF1=0.6958 buffer=1867 added=18
[attack_stealth_loss_drift] New Task 37/49 Subject 83 attack=stealth_loss_drift
[attack_stealth_loss_drift] Individual 37 Subject 83 CPC Epoch 1 Loss 114.015188
[attack_stealth_loss_drift] Individual 37 Subject 83 CPC Epoch 2 Loss 87.774864
[attack_stealth_loss_drift] Individual 37 Subject 83 CPC Epoch 3 Loss 86.140203
[attack_stealth_loss_drift] Individual 37 Subject 83 CPC Epoch 4 Loss 77.396844
[attack_stealth_loss_drift] Individual 37 Subject 83 CPC Epoch 5 Loss 69.623375
[attack_stealth_loss_drift] Individual 37 Subject 83 CPC Epoch 6 Loss 75.533353
[attack_stealth_loss_drift] Individual 37 Subject 83 CPC Epoch 7 Loss 69.640528
[attack_stealth_loss_drift] Individual 37 Subject 83 CPC Epoch 8 Loss 76.250416
[attack_stealth_loss_drift] Individual 37 Subject 83 CPC Epoch 9 Loss 99.067907
[attack_stealth_loss_drift] Individual 37 Subject 83 CPC Epoch 10 Loss 80.278650
[attack_stealth_loss_drift] Individual 37 Subject 83 Joint Epoch 1 Loss 0.640788
[attack_stealth_loss_drift] Individual 37 Subject 83 Joint Epoch 2 Loss 0.710127
[attack_stealth_loss_drift] Individual 37 Subject 83 Joint Epoch 3 Loss 0.812614
[attack_stealth_loss_drift] Individual 37 Subject 83 Joint Epoch 4 Loss 0.703488
[attack_stealth_loss_drift] Individual 37 Subject 83 Joint Epoch 5 Loss 0.670829
[attack_stealth_loss_drift] Individual 37 Subject 83 Joint Epoch 6 Loss 0.684176
[attack_stealth_loss_drift] Individual 37 Subject 83 Joint Epoch 7 Loss 0.668263
[attack_stealth_loss_drift] Individual 37 Subject 83 Joint Epoch 8 Loss 0.632862
[attack_stealth_loss_drift] Individual 37 Subject 83 Joint Epoch 9 Loss 0.743544
[attack_stealth_loss_drift] Individual 37 Subject 83 Joint Epoch 10 Loss 0.588146
[attack_stealth_loss_drift] Subject 83 old ACC=0.7082 MF1=0.6894 buffer=1896 added=29
[attack_stealth_loss_drift] New Task 38/49 Subject 9 attack=stealth_loss_drift
[attack_stealth_loss_drift] Individual 38 Subject 9 CPC Epoch 1 Loss 95.295764
[attack_stealth_loss_drift] Individual 38 Subject 9 CPC Epoch 2 Loss 95.275489
[attack_stealth_loss_drift] Individual 38 Subject 9 CPC Epoch 3 Loss 91.263301
[attack_stealth_loss_drift] Individual 38 Subject 9 CPC Epoch 4 Loss 84.626277
[attack_stealth_loss_drift] Individual 38 Subject 9 CPC Epoch 5 Loss 75.396202
[attack_stealth_loss_drift] Individual 38 Subject 9 CPC Epoch 6 Loss 83.332057
[attack_stealth_loss_drift] Individual 38 Subject 9 CPC Epoch 7 Loss 57.380063
[attack_stealth_loss_drift] Individual 38 Subject 9 CPC Epoch 8 Loss 67.524148
[attack_stealth_loss_drift] Individual 38 Subject 9 CPC Epoch 9 Loss 61.633416
[attack_stealth_loss_drift] Individual 38 Subject 9 CPC Epoch 10 Loss 69.302672
[attack_stealth_loss_drift] Individual 38 Subject 9 Joint Epoch 1 Loss 1.138278
[attack_stealth_loss_drift] Individual 38 Subject 9 Joint Epoch 2 Loss 1.213931
[attack_stealth_loss_drift] Individual 38 Subject 9 Joint Epoch 3 Loss 1.161148
[attack_stealth_loss_drift] Individual 38 Subject 9 Joint Epoch 4 Loss 1.194288
[attack_stealth_loss_drift] Individual 38 Subject 9 Joint Epoch 5 Loss 1.216953
[attack_stealth_loss_drift] Individual 38 Subject 9 Joint Epoch 6 Loss 1.256040
[attack_stealth_loss_drift] Individual 38 Subject 9 Joint Epoch 7 Loss 1.209541
[attack_stealth_loss_drift] Individual 38 Subject 9 Joint Epoch 8 Loss 1.239908
[attack_stealth_loss_drift] Individual 38 Subject 9 Joint Epoch 9 Loss 1.150273
[attack_stealth_loss_drift] Individual 38 Subject 9 Joint Epoch 10 Loss 1.096826
[attack_stealth_loss_drift] Subject 9 old ACC=0.6435 MF1=0.6089 buffer=1897 added=1
[attack_stealth_loss_drift] New Task 39/49 Subject 46 attack=stealth_loss_drift
[attack_stealth_loss_drift] Individual 39 Subject 46 CPC Epoch 1 Loss 123.481613
[attack_stealth_loss_drift] Individual 39 Subject 46 CPC Epoch 2 Loss 115.104543
[attack_stealth_loss_drift] Individual 39 Subject 46 CPC Epoch 3 Loss 79.357391
[attack_stealth_loss_drift] Individual 39 Subject 46 CPC Epoch 4 Loss 79.354711
[attack_stealth_loss_drift] Individual 39 Subject 46 CPC Epoch 5 Loss 95.115827
[attack_stealth_loss_drift] Individual 39 Subject 46 CPC Epoch 6 Loss 80.441781
[attack_stealth_loss_drift] Individual 39 Subject 46 CPC Epoch 7 Loss 72.360584
[attack_stealth_loss_drift] Individual 39 Subject 46 CPC Epoch 8 Loss 66.341984
[attack_stealth_loss_drift] Individual 39 Subject 46 CPC Epoch 9 Loss 70.243777
[attack_stealth_loss_drift] Individual 39 Subject 46 CPC Epoch 10 Loss 68.642704
[attack_stealth_loss_drift] Individual 39 Subject 46 Joint Epoch 1 Loss 0.999654
[attack_stealth_loss_drift] Individual 39 Subject 46 Joint Epoch 2 Loss 0.936487
[attack_stealth_loss_drift] Individual 39 Subject 46 Joint Epoch 3 Loss 1.058367
[attack_stealth_loss_drift] Individual 39 Subject 46 Joint Epoch 4 Loss 1.133798
[attack_stealth_loss_drift] Individual 39 Subject 46 Joint Epoch 5 Loss 1.070334
[attack_stealth_loss_drift] Individual 39 Subject 46 Joint Epoch 6 Loss 0.924778
[attack_stealth_loss_drift] Individual 39 Subject 46 Joint Epoch 7 Loss 0.934747
[attack_stealth_loss_drift] Individual 39 Subject 46 Joint Epoch 8 Loss 1.047410
[attack_stealth_loss_drift] Individual 39 Subject 46 Joint Epoch 9 Loss 0.977415
[attack_stealth_loss_drift] Individual 39 Subject 46 Joint Epoch 10 Loss 0.972533
[attack_stealth_loss_drift] Subject 46 old ACC=0.7256 MF1=0.6983 buffer=1920 added=23
[attack_stealth_loss_drift] New Task 40/49 Subject 31 attack=stealth_loss_drift
[attack_stealth_loss_drift] Individual 40 Subject 31 CPC Epoch 1 Loss 112.181498
[attack_stealth_loss_drift] Individual 40 Subject 31 CPC Epoch 2 Loss 100.271901
[attack_stealth_loss_drift] Individual 40 Subject 31 CPC Epoch 3 Loss 72.897540
[attack_stealth_loss_drift] Individual 40 Subject 31 CPC Epoch 4 Loss 78.131701
[attack_stealth_loss_drift] Individual 40 Subject 31 CPC Epoch 5 Loss 57.382226
[attack_stealth_loss_drift] Individual 40 Subject 31 CPC Epoch 6 Loss 60.491839
[attack_stealth_loss_drift] Individual 40 Subject 31 CPC Epoch 7 Loss 71.544717
[attack_stealth_loss_drift] Individual 40 Subject 31 CPC Epoch 8 Loss 60.734890
[attack_stealth_loss_drift] Individual 40 Subject 31 CPC Epoch 9 Loss 73.042868
[attack_stealth_loss_drift] Individual 40 Subject 31 CPC Epoch 10 Loss 53.392036
[attack_stealth_loss_drift] Individual 40 Subject 31 Joint Epoch 1 Loss 0.897933
[attack_stealth_loss_drift] Individual 40 Subject 31 Joint Epoch 2 Loss 0.790941
[attack_stealth_loss_drift] Individual 40 Subject 31 Joint Epoch 3 Loss 0.814928
[attack_stealth_loss_drift] Individual 40 Subject 31 Joint Epoch 4 Loss 0.786470
[attack_stealth_loss_drift] Individual 40 Subject 31 Joint Epoch 5 Loss 0.883491
[attack_stealth_loss_drift] Individual 40 Subject 31 Joint Epoch 6 Loss 0.959373
[attack_stealth_loss_drift] Individual 40 Subject 31 Joint Epoch 7 Loss 0.838662
[attack_stealth_loss_drift] Individual 40 Subject 31 Joint Epoch 8 Loss 0.843410
[attack_stealth_loss_drift] Individual 40 Subject 31 Joint Epoch 9 Loss 0.829023
[attack_stealth_loss_drift] Individual 40 Subject 31 Joint Epoch 10 Loss 0.795320
[attack_stealth_loss_drift] Subject 31 old ACC=0.7189 MF1=0.6967 buffer=1938 added=18
[attack_stealth_loss_drift] New Task 41/49 Subject 4 attack=stealth_loss_drift
[attack_stealth_loss_drift] Individual 41 Subject 4 CPC Epoch 1 Loss 75.322126
[attack_stealth_loss_drift] Individual 41 Subject 4 CPC Epoch 2 Loss 72.992367
[attack_stealth_loss_drift] Individual 41 Subject 4 CPC Epoch 3 Loss 67.338393
[attack_stealth_loss_drift] Individual 41 Subject 4 CPC Epoch 4 Loss 60.954063
[attack_stealth_loss_drift] Individual 41 Subject 4 CPC Epoch 5 Loss 69.156871
[attack_stealth_loss_drift] Individual 41 Subject 4 CPC Epoch 6 Loss 52.711141
[attack_stealth_loss_drift] Individual 41 Subject 4 CPC Epoch 7 Loss 64.749087
[attack_stealth_loss_drift] Individual 41 Subject 4 CPC Epoch 8 Loss 54.780089
[attack_stealth_loss_drift] Individual 41 Subject 4 CPC Epoch 9 Loss 62.361904
[attack_stealth_loss_drift] Individual 41 Subject 4 CPC Epoch 10 Loss 64.846207
[attack_stealth_loss_drift] Individual 41 Subject 4 Joint Epoch 1 Loss 0.856894
[attack_stealth_loss_drift] Individual 41 Subject 4 Joint Epoch 2 Loss 0.864637
[attack_stealth_loss_drift] Individual 41 Subject 4 Joint Epoch 3 Loss 0.752640
[attack_stealth_loss_drift] Individual 41 Subject 4 Joint Epoch 4 Loss 0.889693
[attack_stealth_loss_drift] Individual 41 Subject 4 Joint Epoch 5 Loss 0.777981
[attack_stealth_loss_drift] Individual 41 Subject 4 Joint Epoch 6 Loss 0.768870
[attack_stealth_loss_drift] Individual 41 Subject 4 Joint Epoch 7 Loss 0.919849
[attack_stealth_loss_drift] Individual 41 Subject 4 Joint Epoch 8 Loss 0.932439
[attack_stealth_loss_drift] Individual 41 Subject 4 Joint Epoch 9 Loss 0.823758
[attack_stealth_loss_drift] Individual 41 Subject 4 Joint Epoch 10 Loss 0.875798
[attack_stealth_loss_drift] Subject 4 old ACC=0.6793 MF1=0.6507 buffer=1953 added=15
[attack_stealth_loss_drift] New Task 42/49 Subject 19 attack=stealth_loss_drift
[attack_stealth_loss_drift] Individual 42 Subject 19 CPC Epoch 1 Loss 95.753403
[attack_stealth_loss_drift] Individual 42 Subject 19 CPC Epoch 2 Loss 97.337049
[attack_stealth_loss_drift] Individual 42 Subject 19 CPC Epoch 3 Loss 88.321081
[attack_stealth_loss_drift] Individual 42 Subject 19 CPC Epoch 4 Loss 84.476966
[attack_stealth_loss_drift] Individual 42 Subject 19 CPC Epoch 5 Loss 65.998360
[attack_stealth_loss_drift] Individual 42 Subject 19 CPC Epoch 6 Loss 73.619453
[attack_stealth_loss_drift] Individual 42 Subject 19 CPC Epoch 7 Loss 62.725441
[attack_stealth_loss_drift] Individual 42 Subject 19 CPC Epoch 8 Loss 65.009984
[attack_stealth_loss_drift] Individual 42 Subject 19 CPC Epoch 9 Loss 55.839062
[attack_stealth_loss_drift] Individual 42 Subject 19 CPC Epoch 10 Loss 43.341179
[attack_stealth_loss_drift] Individual 42 Subject 19 Joint Epoch 1 Loss 1.430184
[attack_stealth_loss_drift] Individual 42 Subject 19 Joint Epoch 2 Loss 1.534303
[attack_stealth_loss_drift] Individual 42 Subject 19 Joint Epoch 3 Loss 1.587952
[attack_stealth_loss_drift] Individual 42 Subject 19 Joint Epoch 4 Loss 1.621517
[attack_stealth_loss_drift] Individual 42 Subject 19 Joint Epoch 5 Loss 1.575732
[attack_stealth_loss_drift] Individual 42 Subject 19 Joint Epoch 6 Loss 1.430407
[attack_stealth_loss_drift] Individual 42 Subject 19 Joint Epoch 7 Loss 1.376952
[attack_stealth_loss_drift] Individual 42 Subject 19 Joint Epoch 8 Loss 1.447140
[attack_stealth_loss_drift] Individual 42 Subject 19 Joint Epoch 9 Loss 1.313927
[attack_stealth_loss_drift] Individual 42 Subject 19 Joint Epoch 10 Loss 1.131852
[attack_stealth_loss_drift] Subject 19 old ACC=0.6794 MF1=0.6419 buffer=1967 added=14
[attack_stealth_loss_drift] New Task 43/49 Subject 99 attack=stealth_loss_drift
[attack_stealth_loss_drift] Individual 43 Subject 99 CPC Epoch 1 Loss 78.883031
[attack_stealth_loss_drift] Individual 43 Subject 99 CPC Epoch 2 Loss 72.344134
[attack_stealth_loss_drift] Individual 43 Subject 99 CPC Epoch 3 Loss 54.409542
[attack_stealth_loss_drift] Individual 43 Subject 99 CPC Epoch 4 Loss 59.819008
[attack_stealth_loss_drift] Individual 43 Subject 99 CPC Epoch 5 Loss 56.935123
[attack_stealth_loss_drift] Individual 43 Subject 99 CPC Epoch 6 Loss 42.124161
[attack_stealth_loss_drift] Individual 43 Subject 99 CPC Epoch 7 Loss 55.015685
[attack_stealth_loss_drift] Individual 43 Subject 99 CPC Epoch 8 Loss 47.435133
[attack_stealth_loss_drift] Individual 43 Subject 99 CPC Epoch 9 Loss 39.785978
[attack_stealth_loss_drift] Individual 43 Subject 99 CPC Epoch 10 Loss 42.494071
[attack_stealth_loss_drift] Individual 43 Subject 99 Joint Epoch 1 Loss 0.555157
[attack_stealth_loss_drift] Individual 43 Subject 99 Joint Epoch 2 Loss 0.618779
[attack_stealth_loss_drift] Individual 43 Subject 99 Joint Epoch 3 Loss 0.597994
[attack_stealth_loss_drift] Individual 43 Subject 99 Joint Epoch 4 Loss 0.502666
[attack_stealth_loss_drift] Individual 43 Subject 99 Joint Epoch 5 Loss 0.507636
[attack_stealth_loss_drift] Individual 43 Subject 99 Joint Epoch 6 Loss 0.588995
[attack_stealth_loss_drift] Individual 43 Subject 99 Joint Epoch 7 Loss 0.602373
[attack_stealth_loss_drift] Individual 43 Subject 99 Joint Epoch 8 Loss 0.597743
[attack_stealth_loss_drift] Individual 43 Subject 99 Joint Epoch 9 Loss 0.675981
[attack_stealth_loss_drift] Individual 43 Subject 99 Joint Epoch 10 Loss 0.580760
[attack_stealth_loss_drift] Subject 99 old ACC=0.7297 MF1=0.7114 buffer=1995 added=28
[attack_stealth_loss_drift] New Task 44/49 Subject 63 attack=stealth_loss_drift
[attack_stealth_loss_drift] Individual 44 Subject 63 CPC Epoch 1 Loss 119.929576
[attack_stealth_loss_drift] Individual 44 Subject 63 CPC Epoch 2 Loss 76.522499
[attack_stealth_loss_drift] Individual 44 Subject 63 CPC Epoch 3 Loss 77.547189
[attack_stealth_loss_drift] Individual 44 Subject 63 CPC Epoch 4 Loss 68.524531
[attack_stealth_loss_drift] Individual 44 Subject 63 CPC Epoch 5 Loss 63.443331
[attack_stealth_loss_drift] Individual 44 Subject 63 CPC Epoch 6 Loss 60.159044
[attack_stealth_loss_drift] Individual 44 Subject 63 CPC Epoch 7 Loss 56.741267
[attack_stealth_loss_drift] Individual 44 Subject 63 CPC Epoch 8 Loss 57.491472
[attack_stealth_loss_drift] Individual 44 Subject 63 CPC Epoch 9 Loss 50.382402
[attack_stealth_loss_drift] Individual 44 Subject 63 CPC Epoch 10 Loss 46.264081
[attack_stealth_loss_drift] Individual 44 Subject 63 Joint Epoch 1 Loss 1.192301
[attack_stealth_loss_drift] Individual 44 Subject 63 Joint Epoch 2 Loss 1.248948
[attack_stealth_loss_drift] Individual 44 Subject 63 Joint Epoch 3 Loss 1.287394
[attack_stealth_loss_drift] Individual 44 Subject 63 Joint Epoch 4 Loss 1.212007
[attack_stealth_loss_drift] Individual 44 Subject 63 Joint Epoch 5 Loss 1.187622
[attack_stealth_loss_drift] Individual 44 Subject 63 Joint Epoch 6 Loss 1.205118
[attack_stealth_loss_drift] Individual 44 Subject 63 Joint Epoch 7 Loss 1.185053
[attack_stealth_loss_drift] Individual 44 Subject 63 Joint Epoch 8 Loss 1.280223
[attack_stealth_loss_drift] Individual 44 Subject 63 Joint Epoch 9 Loss 1.221496
[attack_stealth_loss_drift] Individual 44 Subject 63 Joint Epoch 10 Loss 1.217149
[attack_stealth_loss_drift] Subject 63 old ACC=0.7065 MF1=0.6698 buffer=2016 added=21
[attack_stealth_loss_drift] New Task 45/49 Subject 81 attack=stealth_loss_drift
[attack_stealth_loss_drift] Individual 45 Subject 81 CPC Epoch 1 Loss 106.349248
[attack_stealth_loss_drift] Individual 45 Subject 81 CPC Epoch 2 Loss 95.068779
[attack_stealth_loss_drift] Individual 45 Subject 81 CPC Epoch 3 Loss 69.163962
[attack_stealth_loss_drift] Individual 45 Subject 81 CPC Epoch 4 Loss 90.011347
[attack_stealth_loss_drift] Individual 45 Subject 81 CPC Epoch 5 Loss 84.476026
[attack_stealth_loss_drift] Individual 45 Subject 81 CPC Epoch 6 Loss 78.479135
[attack_stealth_loss_drift] Individual 45 Subject 81 CPC Epoch 7 Loss 68.784505
[attack_stealth_loss_drift] Individual 45 Subject 81 CPC Epoch 8 Loss 63.201831
[attack_stealth_loss_drift] Individual 45 Subject 81 CPC Epoch 9 Loss 65.034735
[attack_stealth_loss_drift] Individual 45 Subject 81 CPC Epoch 10 Loss 61.506481
[attack_stealth_loss_drift] Individual 45 Subject 81 Joint Epoch 1 Loss 0.688454
[attack_stealth_loss_drift] Individual 45 Subject 81 Joint Epoch 2 Loss 0.771368
[attack_stealth_loss_drift] Individual 45 Subject 81 Joint Epoch 3 Loss 0.684636
[attack_stealth_loss_drift] Individual 45 Subject 81 Joint Epoch 4 Loss 0.637057
[attack_stealth_loss_drift] Individual 45 Subject 81 Joint Epoch 5 Loss 0.912375
[attack_stealth_loss_drift] Individual 45 Subject 81 Joint Epoch 6 Loss 0.745214
[attack_stealth_loss_drift] Individual 45 Subject 81 Joint Epoch 7 Loss 0.647452
[attack_stealth_loss_drift] Individual 45 Subject 81 Joint Epoch 8 Loss 0.803479
[attack_stealth_loss_drift] Individual 45 Subject 81 Joint Epoch 9 Loss 0.716776
[attack_stealth_loss_drift] Individual 45 Subject 81 Joint Epoch 10 Loss 0.737558
[attack_stealth_loss_drift] Subject 81 old ACC=0.7122 MF1=0.6926 buffer=2035 added=19
[attack_stealth_loss_drift] New Task 46/49 Subject 25 attack=stealth_loss_drift
[attack_stealth_loss_drift] Individual 46 Subject 25 CPC Epoch 1 Loss 120.029020
[attack_stealth_loss_drift] Individual 46 Subject 25 CPC Epoch 2 Loss 82.476929
[attack_stealth_loss_drift] Individual 46 Subject 25 CPC Epoch 3 Loss 91.281161
[attack_stealth_loss_drift] Individual 46 Subject 25 CPC Epoch 4 Loss 74.868609
[attack_stealth_loss_drift] Individual 46 Subject 25 CPC Epoch 5 Loss 68.614283
[attack_stealth_loss_drift] Individual 46 Subject 25 CPC Epoch 6 Loss 60.059118
[attack_stealth_loss_drift] Individual 46 Subject 25 CPC Epoch 7 Loss 57.983603
[attack_stealth_loss_drift] Individual 46 Subject 25 CPC Epoch 8 Loss 62.349201
[attack_stealth_loss_drift] Individual 46 Subject 25 CPC Epoch 9 Loss 63.041440
[attack_stealth_loss_drift] Individual 46 Subject 25 CPC Epoch 10 Loss 60.329765
[attack_stealth_loss_drift] Individual 46 Subject 25 Joint Epoch 1 Loss 1.116973
[attack_stealth_loss_drift] Individual 46 Subject 25 Joint Epoch 2 Loss 0.896844
[attack_stealth_loss_drift] Individual 46 Subject 25 Joint Epoch 3 Loss 1.063431
[attack_stealth_loss_drift] Individual 46 Subject 25 Joint Epoch 4 Loss 0.959240
[attack_stealth_loss_drift] Individual 46 Subject 25 Joint Epoch 5 Loss 1.094799
[attack_stealth_loss_drift] Individual 46 Subject 25 Joint Epoch 6 Loss 1.157118
[attack_stealth_loss_drift] Individual 46 Subject 25 Joint Epoch 7 Loss 1.094731
[attack_stealth_loss_drift] Individual 46 Subject 25 Joint Epoch 8 Loss 1.123639
[attack_stealth_loss_drift] Individual 46 Subject 25 Joint Epoch 9 Loss 1.167010
[attack_stealth_loss_drift] Individual 46 Subject 25 Joint Epoch 10 Loss 1.081646
[attack_stealth_loss_drift] Subject 25 old ACC=0.7336 MF1=0.7113 buffer=2055 added=20
[attack_stealth_loss_drift] New Task 47/49 Subject 97 attack=stealth_loss_drift
[attack_stealth_loss_drift] Individual 47 Subject 97 CPC Epoch 1 Loss 89.459429
[attack_stealth_loss_drift] Individual 47 Subject 97 CPC Epoch 2 Loss 68.131503
[attack_stealth_loss_drift] Individual 47 Subject 97 CPC Epoch 3 Loss 48.575901
[attack_stealth_loss_drift] Individual 47 Subject 97 CPC Epoch 4 Loss 49.821327
[attack_stealth_loss_drift] Individual 47 Subject 97 CPC Epoch 5 Loss 51.707928
[attack_stealth_loss_drift] Individual 47 Subject 97 CPC Epoch 6 Loss 49.227923
[attack_stealth_loss_drift] Individual 47 Subject 97 CPC Epoch 7 Loss 39.138737
[attack_stealth_loss_drift] Individual 47 Subject 97 CPC Epoch 8 Loss 39.849381
[attack_stealth_loss_drift] Individual 47 Subject 97 CPC Epoch 9 Loss 41.166295
[attack_stealth_loss_drift] Individual 47 Subject 97 CPC Epoch 10 Loss 40.139571
[attack_stealth_loss_drift] Individual 47 Subject 97 Joint Epoch 1 Loss 0.434842
[attack_stealth_loss_drift] Individual 47 Subject 97 Joint Epoch 2 Loss 0.651496
[attack_stealth_loss_drift] Individual 47 Subject 97 Joint Epoch 3 Loss 0.577080
[attack_stealth_loss_drift] Individual 47 Subject 97 Joint Epoch 4 Loss 0.625775
[attack_stealth_loss_drift] Individual 47 Subject 97 Joint Epoch 5 Loss 0.450445
[attack_stealth_loss_drift] Individual 47 Subject 97 Joint Epoch 6 Loss 0.386916
[attack_stealth_loss_drift] Individual 47 Subject 97 Joint Epoch 7 Loss 0.480613
[attack_stealth_loss_drift] Individual 47 Subject 97 Joint Epoch 8 Loss 0.480971
[attack_stealth_loss_drift] Individual 47 Subject 97 Joint Epoch 9 Loss 0.544914
[attack_stealth_loss_drift] Individual 47 Subject 97 Joint Epoch 10 Loss 0.427714
[attack_stealth_loss_drift] Subject 97 old ACC=0.7023 MF1=0.6878 buffer=2083 added=28
[attack_stealth_loss_drift] New Task 48/49 Subject 20 attack=stealth_loss_drift
[attack_stealth_loss_drift] Individual 48 Subject 20 CPC Epoch 1 Loss 107.048907
[attack_stealth_loss_drift] Individual 48 Subject 20 CPC Epoch 2 Loss 79.082136
[attack_stealth_loss_drift] Individual 48 Subject 20 CPC Epoch 3 Loss 63.575274
[attack_stealth_loss_drift] Individual 48 Subject 20 CPC Epoch 4 Loss 54.082372
[attack_stealth_loss_drift] Individual 48 Subject 20 CPC Epoch 5 Loss 51.886630
[attack_stealth_loss_drift] Individual 48 Subject 20 CPC Epoch 6 Loss 37.117062
[attack_stealth_loss_drift] Individual 48 Subject 20 CPC Epoch 7 Loss 48.721989
[attack_stealth_loss_drift] Individual 48 Subject 20 CPC Epoch 8 Loss 42.430533
[attack_stealth_loss_drift] Individual 48 Subject 20 CPC Epoch 9 Loss 37.812637
[attack_stealth_loss_drift] Individual 48 Subject 20 CPC Epoch 10 Loss 34.232098
[attack_stealth_loss_drift] Individual 48 Subject 20 Joint Epoch 1 Loss 1.164727
[attack_stealth_loss_drift] Individual 48 Subject 20 Joint Epoch 2 Loss 1.116705
[attack_stealth_loss_drift] Individual 48 Subject 20 Joint Epoch 3 Loss 1.062420
[attack_stealth_loss_drift] Individual 48 Subject 20 Joint Epoch 4 Loss 1.062556
[attack_stealth_loss_drift] Individual 48 Subject 20 Joint Epoch 5 Loss 1.071442
[attack_stealth_loss_drift] Individual 48 Subject 20 Joint Epoch 6 Loss 1.157582
[attack_stealth_loss_drift] Individual 48 Subject 20 Joint Epoch 7 Loss 1.148074
[attack_stealth_loss_drift] Individual 48 Subject 20 Joint Epoch 8 Loss 1.083922
[attack_stealth_loss_drift] Individual 48 Subject 20 Joint Epoch 9 Loss 1.148757
[attack_stealth_loss_drift] Individual 48 Subject 20 Joint Epoch 10 Loss 1.069635
[attack_stealth_loss_drift] Subject 20 old ACC=0.6984 MF1=0.6780 buffer=2108 added=25
[attack_stealth_loss_drift] New Task 49/49 Subject 13 attack=stealth_loss_drift
[attack_stealth_loss_drift] Individual 49 Subject 13 CPC Epoch 1 Loss 144.354640
[attack_stealth_loss_drift] Individual 49 Subject 13 CPC Epoch 2 Loss 114.425059
[attack_stealth_loss_drift] Individual 49 Subject 13 CPC Epoch 3 Loss 106.291013
[attack_stealth_loss_drift] Individual 49 Subject 13 CPC Epoch 4 Loss 95.789811
[attack_stealth_loss_drift] Individual 49 Subject 13 CPC Epoch 5 Loss 75.805791
[attack_stealth_loss_drift] Individual 49 Subject 13 CPC Epoch 6 Loss 62.365150
[attack_stealth_loss_drift] Individual 49 Subject 13 CPC Epoch 7 Loss 56.577005
[attack_stealth_loss_drift] Individual 49 Subject 13 CPC Epoch 8 Loss 58.066842
[attack_stealth_loss_drift] Individual 49 Subject 13 CPC Epoch 9 Loss 58.293275
[attack_stealth_loss_drift] Individual 49 Subject 13 CPC Epoch 10 Loss 45.895926
[attack_stealth_loss_drift] Individual 49 Subject 13 Joint Epoch 1 Loss 0.755200
[attack_stealth_loss_drift] Individual 49 Subject 13 Joint Epoch 2 Loss 0.867608
[attack_stealth_loss_drift] Individual 49 Subject 13 Joint Epoch 3 Loss 0.799765
[attack_stealth_loss_drift] Individual 49 Subject 13 Joint Epoch 4 Loss 0.718267
[attack_stealth_loss_drift] Individual 49 Subject 13 Joint Epoch 5 Loss 0.813850
[attack_stealth_loss_drift] Individual 49 Subject 13 Joint Epoch 6 Loss 0.783212
[attack_stealth_loss_drift] Individual 49 Subject 13 Joint Epoch 7 Loss 0.851451
[attack_stealth_loss_drift] Individual 49 Subject 13 Joint Epoch 8 Loss 0.844842
[attack_stealth_loss_drift] Individual 49 Subject 13 Joint Epoch 9 Loss 0.791650
[attack_stealth_loss_drift] Individual 49 Subject 13 Joint Epoch 10 Loss 0.740001
[attack_stealth_loss_drift] Subject 13 old ACC=0.6981 MF1=0.6765 buffer=2121 added=13
